#
# There is insufficient memory for the Java Runtime Environment to continue.
# Native memory allocation (mmap) failed to map 255852544 bytes for Failed to commit area from 0x00000000b3e00000 to 0x00000000c3200000 of length 255852544.
# Possible reasons:
#   The system is out of physical RAM or swap space
#   The process is running with CompressedOops enabled, and the Java Heap may be blocking the growth of the native heap
# Possible solutions:
#   Reduce memory load on the system
#   Increase physical memory or swap space
#   Check if swap backing store is full
#   Decrease Java heap size (-Xmx/-Xms)
#   Decrease number of Java threads
#   Decrease Java thread stack sizes (-Xss)
#   Set larger code cache with -XX:ReservedCodeCacheSize=
#   JVM is running with Unscaled Compressed Oops mode in which the Java heap is
#     placed in the first 4GB address space. The Java Heap base address is the
#     maximum limit for the native heap growth. Please use -XX:HeapBaseMinAddress
#     to set the Java Heap base and to place the Java Heap above 4GB virtual address.
# This output file may be truncated or incomplete.
#
#  Out of Memory Error (./src/hotspot/os/windows/os_windows.cpp:3619), pid=5468, tid=11132
#
# JRE version: OpenJDK Runtime Environment (11.0.13) (build 11.0.13+0-b1751.21-8125866)
# Java VM: OpenJDK 64-Bit Server VM (11.0.13+0-b1751.21-8125866, mixed mode, tiered, compressed oops, g1 gc, windows-amd64)
# No core dump will be written. Minidumps are not enabled by default on client versions of Windows
#

---------------  S U M M A R Y ------------

Command Line: --add-opens=java.base/java.util=ALL-UNNAMED --add-opens=java.base/java.lang=ALL-UNNAMED --add-opens=java.base/java.lang.invoke=ALL-UNNAMED --add-opens=java.base/java.util=ALL-UNNAMED --add-opens=java.prefs/java.util.prefs=ALL-UNNAMED --add-opens=java.prefs/java.util.prefs=ALL-UNNAMED --add-opens=java.base/java.nio.charset=ALL-UNNAMED --add-opens=java.base/java.net=ALL-UNNAMED --add-opens=java.base/java.util.concurrent.atomic=ALL-UNNAMED -Xmx1536m -Dfile.encoding=windows-1252 -Duser.country=US -Duser.language=en -Duser.variant org.gradle.launcher.daemon.bootstrap.GradleDaemon 7.4

Host: Intel(R) Core(TM) i5-6300U CPU @ 2.40GHz, 4 cores, 7G,  Windows 10 , 64 bit Build 19041 (10.0.19041.2913)
Time: Fri Jun  2 03:18:47 2023 Pakistan Standard Time elapsed time: 457.372371 seconds (0d 0h 7m 37s)

---------------  T H R E A D  ---------------

Current thread (0x000001f6d9b24000):  VMThread "VM Thread" [stack: 0x0000003779700000,0x0000003779800000] [id=11132]

Stack: [0x0000003779700000,0x0000003779800000]
[error occurred during error reporting (printing stack bounds), id 0xc0000005, EXCEPTION_ACCESS_VIOLATION (0xc0000005) at pc=0x000001f6c4d7112d]

Native frames: (J=compiled Java code, j=interpreted, Vv=VM code, C=native code)
V  [jvm.dll+0x6100fa]
V  [jvm.dll+0x747090]
V  [jvm.dll+0x7486ad]
V  [jvm.dll+0x748ce5]
V  [jvm.dll+0x748c9b]
V  [jvm.dll+0x60f224]
V  [jvm.dll+0x60f9b8]
C  [ntdll.dll+0xa23df]
C  [ntdll.dll+0x514a4]
C  [ntdll.dll+0xa0f0e]
C  0x000001f6c4d7112d

VM_Operation (0x000000377f8fd970): G1CollectForAllocation, mode: safepoint, requested by thread 0x000001f6e62a2000


---------------  P R O C E S S  ---------------

Threads class SMR info:
_java_thread_list=0x000001f6e1b48aa0, length=97, elements={
0x000001f6c124e000, 0x000001f6d9b48000, 0x000001f6d9b52000, 0x000001f6d9b68000,
0x000001f6d9b6a000, 0x000001f6d9b6b000, 0x000001f6d9b6f000, 0x000001f6d9b74000,
0x000001f6d9b77800, 0x000001f6da61c000, 0x000001f6db58f800, 0x000001f6da714800,
0x000001f6dc3f1000, 0x000001f6dd102000, 0x000001f6dd0ff800, 0x000001f6dd102800,
0x000001f6dd103800, 0x000001f6dd105000, 0x000001f6dd104800, 0x000001f6dd106000,
0x000001f6dd100000, 0x000001f6dd101000, 0x000001f6dd629000, 0x000001f6dd626000,
0x000001f6dd0ab800, 0x000001f6e3d2a800, 0x000001f6e3d2c000, 0x000001f6e3d30000,
0x000001f6e3d2b000, 0x000001f6e3d31800, 0x000001f6e3d32800, 0x000001f6e3d2e800,
0x000001f6e3d2c800, 0x000001f6e3d31000, 0x000001f6e3d34000, 0x000001f6e3d33800,
0x000001f6e3d35000, 0x000001f6e3d2f000, 0x000001f6e3d35800, 0x000001f6e3d38000,
0x000001f6e3d36800, 0x000001f6e3d37800, 0x000001f6e3d39000, 0x000001f6dd627800,
0x000001f6dd628000, 0x000001f6dd62b800, 0x000001f6dd62d000, 0x000001f6dd62e000,
0x000001f6dd62e800, 0x000001f6dd62f800, 0x000001f6dd62a000, 0x000001f6dd634800,
0x000001f6dd631000, 0x000001f6dd630800, 0x000001f6dd632000, 0x000001f6dd633800,
0x000001f6dd633000, 0x000001f6dd0a9000, 0x000001f6dd0aa000, 0x000001f6dd0a4800,
0x000001f6dd0ab000, 0x000001f6dd0a6000, 0x000001f6dd0a5000, 0x000001f6dd0a6800,
0x000001f6dd0b2000, 0x000001f6dd0b3000, 0x000001f6dd0b1800, 0x000001f6dd0ad800,
0x000001f6dd0ae000, 0x000001f6dd0af000, 0x000001f6dd0b0800, 0x000001f6e4973800,
0x000001f6e4977000, 0x000001f6e4972000, 0x000001f6e4974800, 0x000001f6e4975000,
0x000001f6e4976000, 0x000001f6e4971000, 0x000001f6e4977800, 0x000001f6e4978800,
0x000001f6e4972800, 0x000001f6e497b800, 0x000001f6e497e000, 0x000001f6e497f000,
0x000001f6e4979800, 0x000001f6e4980000, 0x000001f6e497b000, 0x000001f6e497c800,
0x000001f6e6187800, 0x000001f6e62a0000, 0x000001f6e62a5000, 0x000001f6e62a7000,
0x000001f6e62a4800, 0x000001f6e62a7800, 0x000001f6e62a2000, 0x000001f6e62a8800,
0x000001f6e62a2800
}

Java Threads: ( => current thread )
  0x000001f6c124e000 JavaThread "main" [_thread_blocked, id=1928, stack(0x0000003779100000,0x0000003779200000)]
  0x000001f6d9b48000 JavaThread "Reference Handler" daemon [_thread_blocked, id=7888, stack(0x0000003779800000,0x0000003779900000)]
  0x000001f6d9b52000 JavaThread "Finalizer" daemon [_thread_blocked, id=11660, stack(0x0000003779900000,0x0000003779a00000)]
  0x000001f6d9b68000 JavaThread "Signal Dispatcher" daemon [_thread_blocked, id=11972, stack(0x0000003779a00000,0x0000003779b00000)]
  0x000001f6d9b6a000 JavaThread "Attach Listener" daemon [_thread_blocked, id=12064, stack(0x0000003779b00000,0x0000003779c00000)]
  0x000001f6d9b6b000 JavaThread "Service Thread" daemon [_thread_blocked, id=1276, stack(0x0000003779c00000,0x0000003779d00000)]
  0x000001f6d9b6f000 JavaThread "C2 CompilerThread0" daemon [_thread_in_native, id=2752, stack(0x0000003779d00000,0x0000003779e00000)]
  0x000001f6d9b74000 JavaThread "C1 CompilerThread0" daemon [_thread_blocked, id=1188, stack(0x0000003779e00000,0x0000003779f00000)]
  0x000001f6d9b77800 JavaThread "Sweeper thread" daemon [_thread_blocked, id=13220, stack(0x0000003779f00000,0x000000377a000000)]
  0x000001f6da61c000 JavaThread "Common-Cleaner" daemon [_thread_blocked, id=6288, stack(0x000000377a000000,0x000000377a100000)]
  0x000001f6db58f800 JavaThread "Daemon health stats" [_thread_blocked, id=3060, stack(0x000000377a500000,0x000000377a600000)]
  0x000001f6da714800 JavaThread "Incoming local TCP Connector on port 1954" [_thread_in_native, id=1936, stack(0x000000377a200000,0x000000377a300000)]
  0x000001f6dc3f1000 JavaThread "Daemon periodic checks" [_thread_blocked, id=13784, stack(0x000000377a600000,0x000000377a700000)]
  0x000001f6dd102000 JavaThread "Cache worker for journal cache (C:\Users\BaDshah Khan\.gradle\caches\journal-1)" [_thread_blocked, id=10108, stack(0x000000377a900000,0x000000377aa00000)]
  0x000001f6dd0ff800 JavaThread "File lock request listener" [_thread_in_native, id=9400, stack(0x000000377b000000,0x000000377b100000)]
  0x000001f6dd102800 JavaThread "Cache worker for file hash cache (C:\Users\BaDshah Khan\.gradle\caches\7.4\fileHashes)" [_thread_blocked, id=1512, stack(0x000000377b100000,0x000000377b200000)]
  0x000001f6dd103800 JavaThread "File watcher server" daemon [_thread_blocked, id=9124, stack(0x000000377b300000,0x000000377b400000)]
  0x000001f6dd105000 JavaThread "File watcher consumer" daemon [_thread_blocked, id=1708, stack(0x000000377b400000,0x000000377b500000)]
  0x000001f6dd104800 JavaThread "jar transforms" [_thread_blocked, id=1328, stack(0x000000377b500000,0x000000377b600000)]
  0x000001f6dd106000 JavaThread "jar transforms Thread 2" [_thread_blocked, id=9072, stack(0x000000377b600000,0x000000377b700000)]
  0x000001f6dd100000 JavaThread "jar transforms Thread 3" [_thread_blocked, id=10364, stack(0x000000377b700000,0x000000377b800000)]
  0x000001f6dd101000 JavaThread "jar transforms Thread 4" [_thread_blocked, id=4844, stack(0x000000377b800000,0x000000377b900000)]
  0x000001f6dd629000 JavaThread "Cache worker for execution history cache (C:\Users\BaDshah Khan\.gradle\caches\7.4\executionHistory)" [_thread_blocked, id=9000, stack(0x000000377bd00000,0x000000377be00000)]
  0x000001f6dd626000 JavaThread "Cache worker for file content cache (C:\Users\BaDshah Khan\.gradle\caches\7.4\fileContent)" [_thread_blocked, id=1588, stack(0x000000377be00000,0x000000377bf00000)]
  0x000001f6dd0ab800 JavaThread "Memory manager" [_thread_blocked, id=2152, stack(0x000000377e900000,0x000000377ea00000)]
  0x000001f6e3d2a800 JavaThread "Daemon Thread 3" [_thread_blocked, id=5204, stack(0x0000003778e00000,0x0000003778f00000)]
  0x000001f6e3d2c000 JavaThread "Handler for socket connection from /127.0.0.1:1954 to /127.0.0.1:2027" [_thread_in_native, id=2032, stack(0x0000003778f00000,0x0000003779000000)]
  0x000001f6e3d30000 JavaThread "Cancel handler" [_thread_blocked, id=1072, stack(0x0000003779000000,0x0000003779100000)]
  0x000001f6e3d2b000 JavaThread "Daemon worker Thread 3" [_thread_blocked, id=4044, stack(0x000000377a700000,0x000000377a800000)]
  0x000001f6e3d31800 JavaThread "Asynchronous log dispatcher for DefaultDaemonConnection: socket connection from /127.0.0.1:1954 to /127.0.0.1:2027" [_thread_blocked, id=2464, stack(0x000000377a800000,0x000000377a900000)]
  0x000001f6e3d32800 JavaThread "Stdin handler" [_thread_blocked, id=11780, stack(0x000000377ab00000,0x000000377ac00000)]
  0x000001f6e3d2e800 JavaThread "Daemon client event forwarder" [_thread_blocked, id=9512, stack(0x000000377ac00000,0x000000377ad00000)]
  0x000001f6e3d2c800 JavaThread "Cache worker for checksums cache (D:\Dental-Management-System-MobileApp-master\.gradle\7.4\checksums)" [_thread_blocked, id=6980, stack(0x000000377ae00000,0x000000377af00000)]
  0x000001f6e3d31000 JavaThread "Cache worker for cache directory md-rule (C:\Users\BaDshah Khan\.gradle\caches\7.4\md-rule)" [_thread_blocked, id=6364, stack(0x000000377af00000,0x000000377b000000)]
  0x000001f6e3d34000 JavaThread "Cache worker for file hash cache (D:\Dental-Management-System-MobileApp-master\.gradle\7.4\fileHashes)" [_thread_blocked, id=14236, stack(0x000000377b200000,0x000000377b300000)]
  0x000001f6e3d33800 JavaThread "Cache worker for cache directory md-supplier (C:\Users\BaDshah Khan\.gradle\caches\7.4\md-supplier)" [_thread_blocked, id=2160, stack(0x000000377b900000,0x000000377ba00000)]
  0x000001f6e3d35000 JavaThread "Cache worker for dependencies-accessors (D:\Dental-Management-System-MobileApp-master\.gradle\7.4\dependencies-accessors)" [_thread_blocked, id=13876, stack(0x000000377ba00000,0x000000377bb00000)]
  0x000001f6e3d2f000 JavaThread "Cache worker for Build Output Cleanup Cache (D:\Dental-Management-System-MobileApp-master\.gradle\buildOutputCleanup)" [_thread_blocked, id=11420, stack(0x000000377bb00000,0x000000377bc00000)]
  0x000001f6e3d35800 JavaThread "Unconstrained build operations" [_thread_blocked, id=3076, stack(0x000000377bc00000,0x000000377bd00000)]
  0x000001f6e3d38000 JavaThread "Unconstrained build operations Thread 2" [_thread_blocked, id=5756, stack(0x000000377bf00000,0x000000377c000000)]
  0x000001f6e3d36800 JavaThread "Unconstrained build operations Thread 3" [_thread_blocked, id=5284, stack(0x000000377c000000,0x000000377c100000)]
  0x000001f6e3d37800 JavaThread "Unconstrained build operations Thread 4" [_thread_blocked, id=2864, stack(0x000000377c100000,0x000000377c200000)]
  0x000001f6e3d39000 JavaThread "Unconstrained build operations Thread 5" [_thread_blocked, id=9172, stack(0x000000377c200000,0x000000377c300000)]
  0x000001f6dd627800 JavaThread "Unconstrained build operations Thread 6" [_thread_blocked, id=11980, stack(0x000000377c300000,0x000000377c400000)]
  0x000001f6dd628000 JavaThread "Unconstrained build operations Thread 7" [_thread_blocked, id=1576, stack(0x000000377c400000,0x000000377c500000)]
  0x000001f6dd62b800 JavaThread "Unconstrained build operations Thread 8" [_thread_blocked, id=3420, stack(0x000000377c500000,0x000000377c600000)]
  0x000001f6dd62d000 JavaThread "Unconstrained build operations Thread 9" [_thread_blocked, id=8348, stack(0x000000377c600000,0x000000377c700000)]
  0x000001f6dd62e000 JavaThread "Unconstrained build operations Thread 10" [_thread_blocked, id=5296, stack(0x000000377c700000,0x000000377c800000)]
  0x000001f6dd62e800 JavaThread "Unconstrained build operations Thread 11" [_thread_blocked, id=9340, stack(0x000000377c800000,0x000000377c900000)]
  0x000001f6dd62f800 JavaThread "Unconstrained build operations Thread 12" [_thread_blocked, id=10592, stack(0x000000377c900000,0x000000377ca00000)]
  0x000001f6dd62a000 JavaThread "Unconstrained build operations Thread 13" [_thread_blocked, id=10192, stack(0x000000377ca00000,0x000000377cb00000)]
  0x000001f6dd634800 JavaThread "Unconstrained build operations Thread 14" [_thread_blocked, id=8460, stack(0x000000377cb00000,0x000000377cc00000)]
  0x000001f6dd631000 JavaThread "Unconstrained build operations Thread 15" [_thread_blocked, id=10804, stack(0x000000377cc00000,0x000000377cd00000)]
  0x000001f6dd630800 JavaThread "Unconstrained build operations Thread 16" [_thread_blocked, id=1548, stack(0x000000377cd00000,0x000000377ce00000)]
  0x000001f6dd632000 JavaThread "Unconstrained build operations Thread 17" [_thread_blocked, id=1440, stack(0x000000377ce00000,0x000000377cf00000)]
  0x000001f6dd633800 JavaThread "Unconstrained build operations Thread 18" [_thread_blocked, id=1396, stack(0x000000377cf00000,0x000000377d000000)]
  0x000001f6dd633000 JavaThread "Unconstrained build operations Thread 19" [_thread_blocked, id=11608, stack(0x000000377d000000,0x000000377d100000)]
  0x000001f6dd0a9000 JavaThread "Unconstrained build operations Thread 20" [_thread_blocked, id=9224, stack(0x000000377d100000,0x000000377d200000)]
  0x000001f6dd0aa000 JavaThread "Unconstrained build operations Thread 21" [_thread_blocked, id=10916, stack(0x000000377d200000,0x000000377d300000)]
  0x000001f6dd0a4800 JavaThread "Unconstrained build operations Thread 22" [_thread_blocked, id=3056, stack(0x000000377d300000,0x000000377d400000)]
  0x000001f6dd0ab000 JavaThread "Unconstrained build operations Thread 23" [_thread_blocked, id=4416, stack(0x000000377d400000,0x000000377d500000)]
  0x000001f6dd0a6000 JavaThread "Unconstrained build operations Thread 24" [_thread_blocked, id=13412, stack(0x000000377d500000,0x000000377d600000)]
  0x000001f6dd0a5000 JavaThread "Unconstrained build operations Thread 25" [_thread_blocked, id=7872, stack(0x000000377d600000,0x000000377d700000)]
  0x000001f6dd0a6800 JavaThread "Unconstrained build operations Thread 26" [_thread_blocked, id=8828, stack(0x000000377d700000,0x000000377d800000)]
  0x000001f6dd0b2000 JavaThread "Unconstrained build operations Thread 27" [_thread_blocked, id=9548, stack(0x000000377d800000,0x000000377d900000)]
  0x000001f6dd0b3000 JavaThread "Unconstrained build operations Thread 28" [_thread_blocked, id=3232, stack(0x000000377d900000,0x000000377da00000)]
  0x000001f6dd0b1800 JavaThread "Unconstrained build operations Thread 29" [_thread_blocked, id=7524, stack(0x000000377da00000,0x000000377db00000)]
  0x000001f6dd0ad800 JavaThread "Unconstrained build operations Thread 30" [_thread_blocked, id=14300, stack(0x000000377db00000,0x000000377dc00000)]
  0x000001f6dd0ae000 JavaThread "Unconstrained build operations Thread 31" [_thread_blocked, id=10360, stack(0x000000377dc00000,0x000000377dd00000)]
  0x000001f6dd0af000 JavaThread "Unconstrained build operations Thread 32" [_thread_blocked, id=5272, stack(0x000000377dd00000,0x000000377de00000)]
  0x000001f6dd0b0800 JavaThread "Unconstrained build operations Thread 33" [_thread_blocked, id=11344, stack(0x000000377de00000,0x000000377df00000)]
  0x000001f6e4973800 JavaThread "Unconstrained build operations Thread 34" [_thread_blocked, id=10972, stack(0x000000377df00000,0x000000377e000000)]
  0x000001f6e4977000 JavaThread "Unconstrained build operations Thread 35" [_thread_blocked, id=8748, stack(0x000000377e000000,0x000000377e100000)]
  0x000001f6e4972000 JavaThread "Unconstrained build operations Thread 36" [_thread_blocked, id=4868, stack(0x000000377e100000,0x000000377e200000)]
  0x000001f6e4974800 JavaThread "Unconstrained build operations Thread 37" [_thread_blocked, id=2296, stack(0x000000377e200000,0x000000377e300000)]
  0x000001f6e4975000 JavaThread "Unconstrained build operations Thread 38" [_thread_blocked, id=7096, stack(0x000000377e300000,0x000000377e400000)]
  0x000001f6e4976000 JavaThread "Unconstrained build operations Thread 39" [_thread_blocked, id=3116, stack(0x000000377e400000,0x000000377e500000)]
  0x000001f6e4971000 JavaThread "Unconstrained build operations Thread 40" [_thread_blocked, id=2796, stack(0x000000377e500000,0x000000377e600000)]
  0x000001f6e4977800 JavaThread "build event listener" [_thread_blocked, id=13684, stack(0x000000377e600000,0x000000377e700000)]
  0x000001f6e4978800 JavaThread "included builds" [_thread_blocked, id=2412, stack(0x000000377e700000,0x000000377e800000)]
  0x000001f6e4972800 JavaThread "Execution worker for ':'" [_thread_blocked, id=13204, stack(0x000000377e800000,0x000000377e900000)]
  0x000001f6e497b800 JavaThread "Execution worker for ':' Thread 2" [_thread_blocked, id=872, stack(0x000000377ea00000,0x000000377eb00000)]
  0x000001f6e497e000 JavaThread "Execution worker for ':' Thread 3" [_thread_blocked, id=10660, stack(0x000000377eb00000,0x000000377ec00000)]
  0x000001f6e497f000 JavaThread "Cache worker for execution history cache (D:\Dental-Management-System-MobileApp-master\.gradle\7.4\executionHistory)" [_thread_blocked, id=13668, stack(0x000000377ec00000,0x000000377ed00000)]
  0x000001f6e4979800 JavaThread "WorkerExecutor Queue" [_thread_blocked, id=12400, stack(0x000000377ed00000,0x000000377ee00000)]
  0x000001f6e4980000 JavaThread "WorkerExecutor Queue Thread 2" [_thread_blocked, id=5980, stack(0x000000377ee00000,0x000000377ef00000)]
  0x000001f6e497b000 JavaThread "WorkerExecutor Queue Thread 4" [_thread_blocked, id=11332, stack(0x000000377f000000,0x000000377f100000)]
  0x000001f6e497c800 JavaThread "Java2D Disposer" daemon [_thread_blocked, id=13588, stack(0x000000377f300000,0x000000377f400000)]
  0x000001f6e6187800 JavaThread "C2 CompilerThread1" daemon [_thread_in_native, id=692, stack(0x000000377ad00000,0x000000377ae00000)]
  0x000001f6e62a0000 JavaThread "WorkerExecutor Queue Thread 5" [_thread_blocked, id=10728, stack(0x000000377f400000,0x000000377f500000)]
  0x000001f6e62a5000 JavaThread "pool-5-thread-1" [_thread_blocked, id=3208, stack(0x000000377f500000,0x000000377f600000)]
  0x000001f6e62a7000 JavaThread "stderr" [_thread_in_native, id=3636, stack(0x000000377ef00000,0x000000377f000000)]
  0x000001f6e62a4800 JavaThread "stdout" [_thread_in_native, id=7944, stack(0x000000377f600000,0x000000377f700000)]
  0x000001f6e62a7800 JavaThread "ForkJoinPool-1-worker-3" daemon [_thread_blocked, id=7436, stack(0x000000377f700000,0x000000377f800000)]
  0x000001f6e62a2000 JavaThread "ForkJoinPool-1-worker-5" daemon [_thread_blocked, id=9620, stack(0x000000377f800000,0x000000377f900000)]
  0x000001f6e62a8800 JavaThread "ForkJoinPool-1-worker-7" daemon [_thread_blocked, id=13660, stack(0x000000377f900000,0x000000377fa00000)]
  0x000001f6e62a2800 JavaThread "ForkJoinPool-1-worker-1" daemon [_thread_blocked, id=5752, stack(0x000000377fa00000,0x000000377fb00000)]

Other Threads:
=>0x000001f6d9b24000 VMThread "VM Thread" [stack: 0x0000003779700000,0x0000003779800000] [id=11132]
  0x000001f6da656800 WatcherThread [stack: 0x000000377a100000,0x000000377a200000] [id=5464]
  0x000001f6c1267800 GCTaskThread "GC Thread#0" [stack: 0x0000003779200000,0x0000003779300000] [id=4296]
  0x000001f6daf00000 GCTaskThread "GC Thread#1" [stack: 0x000000377a300000,0x000000377a400000] [id=6200]
  0x000001f6dad87800 GCTaskThread "GC Thread#2" [stack: 0x000000377a400000,0x000000377a500000] [id=9644]
  0x000001f6dbc43800 GCTaskThread "GC Thread#3" [stack: 0x000000377aa00000,0x000000377ab00000] [id=2136]
  0x000001f6c128d000 ConcurrentGCThread "G1 Main Marker" [stack: 0x0000003779300000,0x0000003779400000] [id=5580]
  0x000001f6c128e800 ConcurrentGCThread "G1 Conc#0" [stack: 0x0000003779400000,0x0000003779500000] [id=13804]
  0x000001f6c131d000 ConcurrentGCThread "G1 Refine#0" [stack: 0x0000003779500000,0x0000003779600000] [id=8860]
  0x000001f6c131e000 ConcurrentGCThread "G1 Young RemSet Sampling" [stack: 0x0000003779600000,0x0000003779700000] [id=11164]

Threads with active compile tasks:
C2 CompilerThread0 457428 19238       4       com.android.tools.r8.dex.i::a (829 bytes)
C2 CompilerThread1 457428 19280 %     4       com.android.tools.r8.dex.i::a @ 310 (1036 bytes)

VM state:at safepoint (normal execution)

VM Mutex/Monitor currently owned by a thread:  ([mutex/lock_event])
[0x000001f6c124b2d0] Threads_lock - owner thread: 0x000001f6d9b24000
[0x000001f6c124a160] Heap_lock - owner thread: 0x000001f6e62a2000

Heap address: 0x00000000a0000000, size: 1536 MB, Compressed Oops mode: 32-bit
Narrow klass base: 0x0000000000000000, Narrow klass shift: 3
Compressed class space size: 1073741824 Address: 0x0000000100000000

Heap:
 garbage-first heap   total 575488K, used 263168K [0x00000000a0000000, 0x0000000100000000)
  region size 1024K, 3 young (3072K), 3 survivors (3072K)
 Metaspace       used 127402K, capacity 130826K, committed 131100K, reserved 1163264K
  class space    used 15746K, capacity 16964K, committed 17024K, reserved 1048576K
Heap Regions: E=young(eden), S=young(survivor), O=old, HS=humongous(starts), HC=humongous(continues), CS=collection set, F=free, A=archive, TAMS=top-at-mark-start (previous, next)
|   0|0x00000000a0000000, 0x00000000a0100000, 0x00000000a0100000|100%|HS|  |TAMS 0x00000000a0100000, 0x00000000a0100000| Complete 
|   1|0x00000000a0100000, 0x00000000a0200000, 0x00000000a0200000|100%|HC|  |TAMS 0x00000000a0200000, 0x00000000a0200000| Complete 
|   2|0x00000000a0200000, 0x00000000a0300000, 0x00000000a0300000|100%|HC|  |TAMS 0x00000000a0300000, 0x00000000a0300000| Complete 
|   3|0x00000000a0300000, 0x00000000a0400000, 0x00000000a0400000|100%| O|  |TAMS 0x00000000a0400000, 0x00000000a0400000| Untracked 
|   4|0x00000000a0400000, 0x00000000a0500000, 0x00000000a0500000|100%| O|  |TAMS 0x00000000a0500000, 0x00000000a0500000| Untracked 
|   5|0x00000000a0500000, 0x00000000a0600000, 0x00000000a0600000|100%| O|  |TAMS 0x00000000a0600000, 0x00000000a0600000| Untracked 
|   6|0x00000000a0600000, 0x00000000a0700000, 0x00000000a0700000|100%| O|  |TAMS 0x00000000a0700000, 0x00000000a0700000| Untracked 
|   7|0x00000000a0700000, 0x00000000a0800000, 0x00000000a0800000|100%| O|  |TAMS 0x00000000a0800000, 0x00000000a0800000| Untracked 
|   8|0x00000000a0800000, 0x00000000a0900000, 0x00000000a0900000|100%| O|  |TAMS 0x00000000a0900000, 0x00000000a0900000| Untracked 
|   9|0x00000000a0900000, 0x00000000a0a00000, 0x00000000a0a00000|100%| O|  |TAMS 0x00000000a0a00000, 0x00000000a0a00000| Untracked 
|  10|0x00000000a0a00000, 0x00000000a0b00000, 0x00000000a0b00000|100%| O|  |TAMS 0x00000000a0b00000, 0x00000000a0b00000| Untracked 
|  11|0x00000000a0b00000, 0x00000000a0c00000, 0x00000000a0c00000|100%| O|  |TAMS 0x00000000a0c00000, 0x00000000a0c00000| Untracked 
|  12|0x00000000a0c00000, 0x00000000a0d00000, 0x00000000a0d00000|100%| O|  |TAMS 0x00000000a0d00000, 0x00000000a0d00000| Untracked 
|  13|0x00000000a0d00000, 0x00000000a0e00000, 0x00000000a0e00000|100%| O|  |TAMS 0x00000000a0e00000, 0x00000000a0e00000| Untracked 
|  14|0x00000000a0e00000, 0x00000000a0f00000, 0x00000000a0f00000|100%| O|  |TAMS 0x00000000a0f00000, 0x00000000a0f00000| Untracked 
|  15|0x00000000a0f00000, 0x00000000a1000000, 0x00000000a1000000|100%| O|  |TAMS 0x00000000a1000000, 0x00000000a1000000| Untracked 
|  16|0x00000000a1000000, 0x00000000a1100000, 0x00000000a1100000|100%|HS|  |TAMS 0x00000000a1100000, 0x00000000a1100000| Complete 
|  17|0x00000000a1100000, 0x00000000a1200000, 0x00000000a1200000|100%|HC|  |TAMS 0x00000000a1200000, 0x00000000a1200000| Complete 
|  18|0x00000000a1200000, 0x00000000a1300000, 0x00000000a1300000|100%|HS|  |TAMS 0x00000000a1300000, 0x00000000a1300000| Complete 
|  19|0x00000000a1300000, 0x00000000a1400000, 0x00000000a1400000|100%|HC|  |TAMS 0x00000000a1400000, 0x00000000a1400000| Complete 
|  20|0x00000000a1400000, 0x00000000a1500000, 0x00000000a1500000|100%|HC|  |TAMS 0x00000000a1500000, 0x00000000a1500000| Complete 
|  21|0x00000000a1500000, 0x00000000a1600000, 0x00000000a1600000|100%|HS|  |TAMS 0x00000000a1600000, 0x00000000a1600000| Complete 
|  22|0x00000000a1600000, 0x00000000a1700000, 0x00000000a1700000|100%|HC|  |TAMS 0x00000000a1700000, 0x00000000a1700000| Complete 
|  23|0x00000000a1700000, 0x00000000a1800000, 0x00000000a1800000|100%|HC|  |TAMS 0x00000000a1800000, 0x00000000a1800000| Complete 
|  24|0x00000000a1800000, 0x00000000a1900000, 0x00000000a1900000|100%|HC|  |TAMS 0x00000000a1900000, 0x00000000a1900000| Complete 
|  25|0x00000000a1900000, 0x00000000a1a00000, 0x00000000a1a00000|100%|HC|  |TAMS 0x00000000a1a00000, 0x00000000a1a00000| Complete 
|  26|0x00000000a1a00000, 0x00000000a1b00000, 0x00000000a1b00000|100%|HS|  |TAMS 0x00000000a1b00000, 0x00000000a1b00000| Complete 
|  27|0x00000000a1b00000, 0x00000000a1c00000, 0x00000000a1c00000|100%|HC|  |TAMS 0x00000000a1c00000, 0x00000000a1c00000| Complete 
|  28|0x00000000a1c00000, 0x00000000a1d00000, 0x00000000a1d00000|100%|HC|  |TAMS 0x00000000a1d00000, 0x00000000a1d00000| Complete 
|  29|0x00000000a1d00000, 0x00000000a1e00000, 0x00000000a1e00000|100%|HS|  |TAMS 0x00000000a1e00000, 0x00000000a1e00000| Complete 
|  30|0x00000000a1e00000, 0x00000000a1f00000, 0x00000000a1f00000|100%| O|  |TAMS 0x00000000a1f00000, 0x00000000a1f00000| Untracked 
|  31|0x00000000a1f00000, 0x00000000a2000000, 0x00000000a2000000|100%| O|  |TAMS 0x00000000a2000000, 0x00000000a2000000| Untracked 
|  32|0x00000000a2000000, 0x00000000a2100000, 0x00000000a2100000|100%| O|  |TAMS 0x00000000a2100000, 0x00000000a2100000| Untracked 
|  33|0x00000000a2100000, 0x00000000a2200000, 0x00000000a2200000|100%| O|  |TAMS 0x00000000a2200000, 0x00000000a2200000| Untracked 
|  34|0x00000000a2200000, 0x00000000a2300000, 0x00000000a2300000|100%| O|  |TAMS 0x00000000a2300000, 0x00000000a2300000| Untracked 
|  35|0x00000000a2300000, 0x00000000a2400000, 0x00000000a2400000|100%| O|  |TAMS 0x00000000a2400000, 0x00000000a2400000| Untracked 
|  36|0x00000000a2400000, 0x00000000a2500000, 0x00000000a2500000|100%| O|  |TAMS 0x00000000a2500000, 0x00000000a2500000| Untracked 
|  37|0x00000000a2500000, 0x00000000a2600000, 0x00000000a2600000|100%| O|  |TAMS 0x00000000a2600000, 0x00000000a2600000| Untracked 
|  38|0x00000000a2600000, 0x00000000a2700000, 0x00000000a2700000|100%| O|  |TAMS 0x00000000a2700000, 0x00000000a2700000| Untracked 
|  39|0x00000000a2700000, 0x00000000a2800000, 0x00000000a2800000|100%|HS|  |TAMS 0x00000000a2800000, 0x00000000a2800000| Complete 
|  40|0x00000000a2800000, 0x00000000a2900000, 0x00000000a2900000|100%|HC|  |TAMS 0x00000000a2900000, 0x00000000a2900000| Complete 
|  41|0x00000000a2900000, 0x00000000a2a00000, 0x00000000a2a00000|100%|HC|  |TAMS 0x00000000a2a00000, 0x00000000a2a00000| Complete 
|  42|0x00000000a2a00000, 0x00000000a2b00000, 0x00000000a2b00000|100%|HC|  |TAMS 0x00000000a2b00000, 0x00000000a2b00000| Complete 
|  43|0x00000000a2b00000, 0x00000000a2c00000, 0x00000000a2c00000|100%|HS|  |TAMS 0x00000000a2c00000, 0x00000000a2c00000| Complete 
|  44|0x00000000a2c00000, 0x00000000a2d00000, 0x00000000a2d00000|100%|HC|  |TAMS 0x00000000a2d00000, 0x00000000a2d00000| Complete 
|  45|0x00000000a2d00000, 0x00000000a2e00000, 0x00000000a2e00000|100%|HC|  |TAMS 0x00000000a2e00000, 0x00000000a2e00000| Complete 
|  46|0x00000000a2e00000, 0x00000000a2f00000, 0x00000000a2f00000|100%|HS|  |TAMS 0x00000000a2f00000, 0x00000000a2f00000| Complete 
|  47|0x00000000a2f00000, 0x00000000a3000000, 0x00000000a3000000|100%|HC|  |TAMS 0x00000000a3000000, 0x00000000a3000000| Complete 
|  48|0x00000000a3000000, 0x00000000a3100000, 0x00000000a3100000|100%|HS|  |TAMS 0x00000000a3100000, 0x00000000a3100000| Complete 
|  49|0x00000000a3100000, 0x00000000a3200000, 0x00000000a3200000|100%|HC|  |TAMS 0x00000000a3200000, 0x00000000a3200000| Complete 
|  50|0x00000000a3200000, 0x00000000a3300000, 0x00000000a3300000|100%|HC|  |TAMS 0x00000000a3300000, 0x00000000a3300000| Complete 
|  51|0x00000000a3300000, 0x00000000a3400000, 0x00000000a3400000|100%| O|  |TAMS 0x00000000a3400000, 0x00000000a3400000| Untracked 
|  52|0x00000000a3400000, 0x00000000a3500000, 0x00000000a3500000|100%| O|  |TAMS 0x00000000a3500000, 0x00000000a3500000| Untracked 
|  53|0x00000000a3500000, 0x00000000a3600000, 0x00000000a3600000|100%| O|  |TAMS 0x00000000a3600000, 0x00000000a3600000| Untracked 
|  54|0x00000000a3600000, 0x00000000a3700000, 0x00000000a3700000|100%| O|  |TAMS 0x00000000a3700000, 0x00000000a3700000| Untracked 
|  55|0x00000000a3700000, 0x00000000a3800000, 0x00000000a3800000|100%| O|  |TAMS 0x00000000a3800000, 0x00000000a3800000| Untracked 
|  56|0x00000000a3800000, 0x00000000a3900000, 0x00000000a3900000|100%| O|  |TAMS 0x00000000a3900000, 0x00000000a3900000| Untracked 
|  57|0x00000000a3900000, 0x00000000a3a00000, 0x00000000a3a00000|100%|HS|  |TAMS 0x00000000a3a00000, 0x00000000a3a00000| Complete 
|  58|0x00000000a3a00000, 0x00000000a3b00000, 0x00000000a3b00000|100%|HC|  |TAMS 0x00000000a3b00000, 0x00000000a3b00000| Complete 
|  59|0x00000000a3b00000, 0x00000000a3c00000, 0x00000000a3c00000|100%|HC|  |TAMS 0x00000000a3c00000, 0x00000000a3c00000| Complete 
|  60|0x00000000a3c00000, 0x00000000a3d00000, 0x00000000a3d00000|100%|HC|  |TAMS 0x00000000a3d00000, 0x00000000a3d00000| Complete 
|  61|0x00000000a3d00000, 0x00000000a3e00000, 0x00000000a3e00000|100%|HC|  |TAMS 0x00000000a3e00000, 0x00000000a3e00000| Complete 
|  62|0x00000000a3e00000, 0x00000000a3f00000, 0x00000000a3f00000|100%| O|  |TAMS 0x00000000a3f00000, 0x00000000a3f00000| Untracked 
|  63|0x00000000a3f00000, 0x00000000a4000000, 0x00000000a4000000|100%| O|  |TAMS 0x00000000a4000000, 0x00000000a4000000| Untracked 
|  64|0x00000000a4000000, 0x00000000a4100000, 0x00000000a4100000|100%| O|  |TAMS 0x00000000a4100000, 0x00000000a4100000| Untracked 
|  65|0x00000000a4100000, 0x00000000a4200000, 0x00000000a4200000|100%| O|  |TAMS 0x00000000a4200000, 0x00000000a4200000| Untracked 
|  66|0x00000000a4200000, 0x00000000a4300000, 0x00000000a4300000|100%|HS|  |TAMS 0x00000000a4300000, 0x00000000a4300000| Complete 
|  67|0x00000000a4300000, 0x00000000a4400000, 0x00000000a4400000|100%|HS|  |TAMS 0x00000000a4400000, 0x00000000a4400000| Complete 
|  68|0x00000000a4400000, 0x00000000a4500000, 0x00000000a4500000|100%| O|  |TAMS 0x00000000a4500000, 0x00000000a4500000| Untracked 
|  69|0x00000000a4500000, 0x00000000a4600000, 0x00000000a4600000|100%| O|  |TAMS 0x00000000a4600000, 0x00000000a4600000| Untracked 
|  70|0x00000000a4600000, 0x00000000a4700000, 0x00000000a4700000|100%| O|  |TAMS 0x00000000a4700000, 0x00000000a4700000| Untracked 
|  71|0x00000000a4700000, 0x00000000a4800000, 0x00000000a4800000|100%| O|  |TAMS 0x00000000a4800000, 0x00000000a4800000| Untracked 
|  72|0x00000000a4800000, 0x00000000a4900000, 0x00000000a4900000|100%| O|  |TAMS 0x00000000a4900000, 0x00000000a4900000| Untracked 
|  73|0x00000000a4900000, 0x00000000a4a00000, 0x00000000a4a00000|100%|HS|  |TAMS 0x00000000a4a00000, 0x00000000a4a00000| Complete 
|  74|0x00000000a4a00000, 0x00000000a4b00000, 0x00000000a4b00000|100%|HC|  |TAMS 0x00000000a4b00000, 0x00000000a4b00000| Complete 
|  75|0x00000000a4b00000, 0x00000000a4c00000, 0x00000000a4c00000|100%| O|  |TAMS 0x00000000a4c00000, 0x00000000a4c00000| Untracked 
|  76|0x00000000a4c00000, 0x00000000a4d00000, 0x00000000a4d00000|100%| O|  |TAMS 0x00000000a4d00000, 0x00000000a4d00000| Untracked 
|  77|0x00000000a4d00000, 0x00000000a4e00000, 0x00000000a4e00000|100%| O|  |TAMS 0x00000000a4e00000, 0x00000000a4e00000| Untracked 
|  78|0x00000000a4e00000, 0x00000000a4f00000, 0x00000000a4f00000|100%| O|  |TAMS 0x00000000a4f00000, 0x00000000a4f00000| Untracked 
|  79|0x00000000a4f00000, 0x00000000a5000000, 0x00000000a5000000|100%| O|  |TAMS 0x00000000a5000000, 0x00000000a5000000| Untracked 
|  80|0x00000000a5000000, 0x00000000a5100000, 0x00000000a5100000|100%| O|  |TAMS 0x00000000a5100000, 0x00000000a5100000| Untracked 
|  81|0x00000000a5100000, 0x00000000a5200000, 0x00000000a5200000|100%| O|  |TAMS 0x00000000a5200000, 0x00000000a5200000| Untracked 
|  82|0x00000000a5200000, 0x00000000a5300000, 0x00000000a5300000|100%| O|  |TAMS 0x00000000a5300000, 0x00000000a5300000| Untracked 
|  83|0x00000000a5300000, 0x00000000a5400000, 0x00000000a5400000|100%| O|  |TAMS 0x00000000a5400000, 0x00000000a5400000| Untracked 
|  84|0x00000000a5400000, 0x00000000a5500000, 0x00000000a5500000|100%| O|  |TAMS 0x00000000a5500000, 0x00000000a5500000| Untracked 
|  85|0x00000000a5500000, 0x00000000a5600000, 0x00000000a5600000|100%| O|  |TAMS 0x00000000a5600000, 0x00000000a5600000| Untracked 
|  86|0x00000000a5600000, 0x00000000a5700000, 0x00000000a5700000|100%| O|  |TAMS 0x00000000a5700000, 0x00000000a5700000| Untracked 
|  87|0x00000000a5700000, 0x00000000a5800000, 0x00000000a5800000|100%| O|  |TAMS 0x00000000a5800000, 0x00000000a5800000| Untracked 
|  88|0x00000000a5800000, 0x00000000a5900000, 0x00000000a5900000|100%| O|  |TAMS 0x00000000a5900000, 0x00000000a5900000| Untracked 
|  89|0x00000000a5900000, 0x00000000a5a00000, 0x00000000a5a00000|100%| O|  |TAMS 0x00000000a5a00000, 0x00000000a5a00000| Untracked 
|  90|0x00000000a5a00000, 0x00000000a5b00000, 0x00000000a5b00000|100%| O|  |TAMS 0x00000000a5b00000, 0x00000000a5b00000| Untracked 
|  91|0x00000000a5b00000, 0x00000000a5c00000, 0x00000000a5c00000|100%| O|  |TAMS 0x00000000a5c00000, 0x00000000a5c00000| Untracked 
|  92|0x00000000a5c00000, 0x00000000a5d00000, 0x00000000a5d00000|100%| O|  |TAMS 0x00000000a5d00000, 0x00000000a5d00000| Untracked 
|  93|0x00000000a5d00000, 0x00000000a5e00000, 0x00000000a5e00000|100%| O|  |TAMS 0x00000000a5e00000, 0x00000000a5e00000| Untracked 
|  94|0x00000000a5e00000, 0x00000000a5f00000, 0x00000000a5f00000|100%|HS|  |TAMS 0x00000000a5f00000, 0x00000000a5f00000| Complete 
|  95|0x00000000a5f00000, 0x00000000a6000000, 0x00000000a6000000|100%|HC|  |TAMS 0x00000000a6000000, 0x00000000a6000000| Complete 
|  96|0x00000000a6000000, 0x00000000a6100000, 0x00000000a6100000|100%|HC|  |TAMS 0x00000000a6100000, 0x00000000a6100000| Complete 
|  97|0x00000000a6100000, 0x00000000a6200000, 0x00000000a6200000|100%|HC|  |TAMS 0x00000000a6200000, 0x00000000a6200000| Complete 
|  98|0x00000000a6200000, 0x00000000a6300000, 0x00000000a6300000|100%|HS|  |TAMS 0x00000000a6300000, 0x00000000a6300000| Complete 
|  99|0x00000000a6300000, 0x00000000a6400000, 0x00000000a6400000|100%|HC|  |TAMS 0x00000000a6400000, 0x00000000a6400000| Complete 
| 100|0x00000000a6400000, 0x00000000a6500000, 0x00000000a6500000|100%|HS|  |TAMS 0x00000000a6500000, 0x00000000a6500000| Complete 
| 101|0x00000000a6500000, 0x00000000a6600000, 0x00000000a6600000|100%|HC|  |TAMS 0x00000000a6600000, 0x00000000a6600000| Complete 
| 102|0x00000000a6600000, 0x00000000a6700000, 0x00000000a6700000|100%|HC|  |TAMS 0x00000000a6700000, 0x00000000a6700000| Complete 
| 103|0x00000000a6700000, 0x00000000a6800000, 0x00000000a6800000|100%|HS|  |TAMS 0x00000000a6800000, 0x00000000a6800000| Complete 
| 104|0x00000000a6800000, 0x00000000a6900000, 0x00000000a6900000|100%|HC|  |TAMS 0x00000000a6900000, 0x00000000a6900000| Complete 
| 105|0x00000000a6900000, 0x00000000a6a00000, 0x00000000a6a00000|100%|HC|  |TAMS 0x00000000a6a00000, 0x00000000a6a00000| Complete 
| 106|0x00000000a6a00000, 0x00000000a6b00000, 0x00000000a6b00000|100%|HC|  |TAMS 0x00000000a6b00000, 0x00000000a6b00000| Complete 
| 107|0x00000000a6b00000, 0x00000000a6c00000, 0x00000000a6c00000|100%|HC|  |TAMS 0x00000000a6c00000, 0x00000000a6c00000| Complete 
| 108|0x00000000a6c00000, 0x00000000a6d00000, 0x00000000a6d00000|100%|HS|  |TAMS 0x00000000a6d00000, 0x00000000a6d00000| Complete 
| 109|0x00000000a6d00000, 0x00000000a6e00000, 0x00000000a6e00000|100%|HC|  |TAMS 0x00000000a6e00000, 0x00000000a6e00000| Complete 
| 110|0x00000000a6e00000, 0x00000000a6f00000, 0x00000000a6f00000|100%|HC|  |TAMS 0x00000000a6f00000, 0x00000000a6f00000| Complete 
| 111|0x00000000a6f00000, 0x00000000a7000000, 0x00000000a7000000|100%| O|  |TAMS 0x00000000a7000000, 0x00000000a7000000| Untracked 
| 112|0x00000000a7000000, 0x00000000a7100000, 0x00000000a7100000|100%| O|  |TAMS 0x00000000a7100000, 0x00000000a7100000| Untracked 
| 113|0x00000000a7100000, 0x00000000a7200000, 0x00000000a7200000|100%|HS|  |TAMS 0x00000000a7200000, 0x00000000a7200000| Complete 
| 114|0x00000000a7200000, 0x00000000a7300000, 0x00000000a7300000|100%|HS|  |TAMS 0x00000000a7300000, 0x00000000a7300000| Complete 
| 115|0x00000000a7300000, 0x00000000a7400000, 0x00000000a7400000|100%|HC|  |TAMS 0x00000000a7400000, 0x00000000a7400000| Complete 
| 116|0x00000000a7400000, 0x00000000a7500000, 0x00000000a7500000|100%|HC|  |TAMS 0x00000000a7500000, 0x00000000a7500000| Complete 
| 117|0x00000000a7500000, 0x00000000a7600000, 0x00000000a7600000|100%|HC|  |TAMS 0x00000000a7600000, 0x00000000a7600000| Complete 
| 118|0x00000000a7600000, 0x00000000a7700000, 0x00000000a7700000|100%| O|  |TAMS 0x00000000a7700000, 0x00000000a7700000| Untracked 
| 119|0x00000000a7700000, 0x00000000a7800000, 0x00000000a7800000|100%| O|  |TAMS 0x00000000a7800000, 0x00000000a7800000| Untracked 
| 120|0x00000000a7800000, 0x00000000a7900000, 0x00000000a7900000|100%| O|  |TAMS 0x00000000a7900000, 0x00000000a7900000| Untracked 
| 121|0x00000000a7900000, 0x00000000a7a00000, 0x00000000a7a00000|100%| O|  |TAMS 0x00000000a7a00000, 0x00000000a7a00000| Untracked 
| 122|0x00000000a7a00000, 0x00000000a7b00000, 0x00000000a7b00000|100%| O|  |TAMS 0x00000000a7b00000, 0x00000000a7b00000| Untracked 
| 123|0x00000000a7b00000, 0x00000000a7c00000, 0x00000000a7c00000|100%| O|  |TAMS 0x00000000a7c00000, 0x00000000a7c00000| Untracked 
| 124|0x00000000a7c00000, 0x00000000a7d00000, 0x00000000a7d00000|100%| O|  |TAMS 0x00000000a7d00000, 0x00000000a7d00000| Untracked 
| 125|0x00000000a7d00000, 0x00000000a7e00000, 0x00000000a7e00000|100%| O|  |TAMS 0x00000000a7e00000, 0x00000000a7e00000| Untracked 
| 126|0x00000000a7e00000, 0x00000000a7f00000, 0x00000000a7f00000|100%| O|  |TAMS 0x00000000a7f00000, 0x00000000a7f00000| Untracked 
| 127|0x00000000a7f00000, 0x00000000a8000000, 0x00000000a8000000|100%| O|  |TAMS 0x00000000a8000000, 0x00000000a8000000| Untracked 
| 128|0x00000000a8000000, 0x00000000a8100000, 0x00000000a8100000|100%| O|  |TAMS 0x00000000a8100000, 0x00000000a8100000| Untracked 
| 129|0x00000000a8100000, 0x00000000a8200000, 0x00000000a8200000|100%| O|  |TAMS 0x00000000a8200000, 0x00000000a8200000| Untracked 
| 130|0x00000000a8200000, 0x00000000a8300000, 0x00000000a8300000|100%| O|  |TAMS 0x00000000a8300000, 0x00000000a8300000| Untracked 
| 131|0x00000000a8300000, 0x00000000a8400000, 0x00000000a8400000|100%| O|  |TAMS 0x00000000a8400000, 0x00000000a8400000| Untracked 
| 132|0x00000000a8400000, 0x00000000a8500000, 0x00000000a8500000|100%| O|  |TAMS 0x00000000a8500000, 0x00000000a8500000| Untracked 
| 133|0x00000000a8500000, 0x00000000a8600000, 0x00000000a8600000|100%| O|  |TAMS 0x00000000a8600000, 0x00000000a8600000| Untracked 
| 134|0x00000000a8600000, 0x00000000a8700000, 0x00000000a8700000|100%| O|  |TAMS 0x00000000a8700000, 0x00000000a8700000| Untracked 
| 135|0x00000000a8700000, 0x00000000a8800000, 0x00000000a8800000|100%| O|  |TAMS 0x00000000a8800000, 0x00000000a8800000| Untracked 
| 136|0x00000000a8800000, 0x00000000a8900000, 0x00000000a8900000|100%| O|  |TAMS 0x00000000a8900000, 0x00000000a8900000| Untracked 
| 137|0x00000000a8900000, 0x00000000a8a00000, 0x00000000a8a00000|100%| O|  |TAMS 0x00000000a8a00000, 0x00000000a8a00000| Untracked 
| 138|0x00000000a8a00000, 0x00000000a8b00000, 0x00000000a8b00000|100%| O|  |TAMS 0x00000000a8b00000, 0x00000000a8b00000| Untracked 
| 139|0x00000000a8b00000, 0x00000000a8c00000, 0x00000000a8c00000|100%| O|  |TAMS 0x00000000a8c00000, 0x00000000a8c00000| Untracked 
| 140|0x00000000a8c00000, 0x00000000a8d00000, 0x00000000a8d00000|100%| O|  |TAMS 0x00000000a8d00000, 0x00000000a8d00000| Untracked 
| 141|0x00000000a8d00000, 0x00000000a8e00000, 0x00000000a8e00000|100%| O|  |TAMS 0x00000000a8e00000, 0x00000000a8e00000| Untracked 
| 142|0x00000000a8e00000, 0x00000000a8f00000, 0x00000000a8f00000|100%| O|  |TAMS 0x00000000a8f00000, 0x00000000a8f00000| Untracked 
| 143|0x00000000a8f00000, 0x00000000a9000000, 0x00000000a9000000|100%| O|  |TAMS 0x00000000a9000000, 0x00000000a9000000| Untracked 
| 144|0x00000000a9000000, 0x00000000a9100000, 0x00000000a9100000|100%| O|  |TAMS 0x00000000a9100000, 0x00000000a9100000| Untracked 
| 145|0x00000000a9100000, 0x00000000a9200000, 0x00000000a9200000|100%| O|  |TAMS 0x00000000a9200000, 0x00000000a9200000| Untracked 
| 146|0x00000000a9200000, 0x00000000a9300000, 0x00000000a9300000|100%| O|  |TAMS 0x00000000a9300000, 0x00000000a9300000| Untracked 
| 147|0x00000000a9300000, 0x00000000a9400000, 0x00000000a9400000|100%| O|  |TAMS 0x00000000a9400000, 0x00000000a9400000| Untracked 
| 148|0x00000000a9400000, 0x00000000a9500000, 0x00000000a9500000|100%| O|  |TAMS 0x00000000a9500000, 0x00000000a9500000| Untracked 
| 149|0x00000000a9500000, 0x00000000a9600000, 0x00000000a9600000|100%| O|  |TAMS 0x00000000a9600000, 0x00000000a9600000| Untracked 
| 150|0x00000000a9600000, 0x00000000a9700000, 0x00000000a9700000|100%| O|  |TAMS 0x00000000a9700000, 0x00000000a9700000| Untracked 
| 151|0x00000000a9700000, 0x00000000a9800000, 0x00000000a9800000|100%| O|  |TAMS 0x00000000a9800000, 0x00000000a9800000| Untracked 
| 152|0x00000000a9800000, 0x00000000a9900000, 0x00000000a9900000|100%| O|  |TAMS 0x00000000a9900000, 0x00000000a9900000| Untracked 
| 153|0x00000000a9900000, 0x00000000a9a00000, 0x00000000a9a00000|100%| O|  |TAMS 0x00000000a9a00000, 0x00000000a9a00000| Untracked 
| 154|0x00000000a9a00000, 0x00000000a9b00000, 0x00000000a9b00000|100%| O|  |TAMS 0x00000000a9b00000, 0x00000000a9b00000| Untracked 
| 155|0x00000000a9b00000, 0x00000000a9c00000, 0x00000000a9c00000|100%| O|  |TAMS 0x00000000a9c00000, 0x00000000a9c00000| Untracked 
| 156|0x00000000a9c00000, 0x00000000a9d00000, 0x00000000a9d00000|100%| O|  |TAMS 0x00000000a9d00000, 0x00000000a9d00000| Untracked 
| 157|0x00000000a9d00000, 0x00000000a9e00000, 0x00000000a9e00000|100%| O|  |TAMS 0x00000000a9e00000, 0x00000000a9e00000| Untracked 
| 158|0x00000000a9e00000, 0x00000000a9f00000, 0x00000000a9f00000|100%| O|  |TAMS 0x00000000a9f00000, 0x00000000a9f00000| Untracked 
| 159|0x00000000a9f00000, 0x00000000aa000000, 0x00000000aa000000|100%| O|  |TAMS 0x00000000aa000000, 0x00000000aa000000| Untracked 
| 160|0x00000000aa000000, 0x00000000aa100000, 0x00000000aa100000|100%| O|  |TAMS 0x00000000aa100000, 0x00000000aa100000| Untracked 
| 161|0x00000000aa100000, 0x00000000aa200000, 0x00000000aa200000|100%| O|  |TAMS 0x00000000aa100000, 0x00000000aa200000| Untracked 
| 162|0x00000000aa200000, 0x00000000aa300000, 0x00000000aa300000|100%| O|  |TAMS 0x00000000aa200000, 0x00000000aa300000| Untracked 
| 163|0x00000000aa300000, 0x00000000aa400000, 0x00000000aa400000|100%|HS|  |TAMS 0x00000000aa400000, 0x00000000aa400000| Complete 
| 164|0x00000000aa400000, 0x00000000aa500000, 0x00000000aa500000|100%|HC|  |TAMS 0x00000000aa500000, 0x00000000aa500000| Complete 
| 165|0x00000000aa500000, 0x00000000aa600000, 0x00000000aa600000|100%| O|  |TAMS 0x00000000aa600000, 0x00000000aa600000| Untracked 
| 166|0x00000000aa600000, 0x00000000aa700000, 0x00000000aa700000|100%|HS|  |TAMS 0x00000000aa700000, 0x00000000aa700000| Complete 
| 167|0x00000000aa700000, 0x00000000aa800000, 0x00000000aa800000|100%| O|  |TAMS 0x00000000aa800000, 0x00000000aa800000| Untracked 
| 168|0x00000000aa800000, 0x00000000aa900000, 0x00000000aa900000|100%|HS|  |TAMS 0x00000000aa900000, 0x00000000aa900000| Complete 
| 169|0x00000000aa900000, 0x00000000aaa00000, 0x00000000aaa00000|100%|HC|  |TAMS 0x00000000aaa00000, 0x00000000aaa00000| Complete 
| 170|0x00000000aaa00000, 0x00000000aab00000, 0x00000000aab00000|100%|HS|  |TAMS 0x00000000aab00000, 0x00000000aab00000| Complete 
| 171|0x00000000aab00000, 0x00000000aac00000, 0x00000000aac00000|100%|HC|  |TAMS 0x00000000aac00000, 0x00000000aac00000| Complete 
| 172|0x00000000aac00000, 0x00000000aad00000, 0x00000000aad00000|100%| O|  |TAMS 0x00000000aad00000, 0x00000000aad00000| Untracked 
| 173|0x00000000aad00000, 0x00000000aae00000, 0x00000000aae00000|100%| O|  |TAMS 0x00000000aae00000, 0x00000000aae00000| Untracked 
| 174|0x00000000aae00000, 0x00000000aaf00000, 0x00000000aaf00000|100%| O|  |TAMS 0x00000000aae00000, 0x00000000aaf00000| Untracked 
| 175|0x00000000aaf00000, 0x00000000ab000000, 0x00000000ab000000|100%| O|  |TAMS 0x00000000ab000000, 0x00000000ab000000| Untracked 
| 176|0x00000000ab000000, 0x00000000ab100000, 0x00000000ab100000|100%| O|  |TAMS 0x00000000ab100000, 0x00000000ab100000| Untracked 
| 177|0x00000000ab100000, 0x00000000ab200000, 0x00000000ab200000|100%| O|  |TAMS 0x00000000ab100000, 0x00000000ab200000| Untracked 
| 178|0x00000000ab200000, 0x00000000ab300000, 0x00000000ab300000|100%|HS|  |TAMS 0x00000000ab300000, 0x00000000ab300000| Complete 
| 179|0x00000000ab300000, 0x00000000ab400000, 0x00000000ab400000|100%|HC|  |TAMS 0x00000000ab400000, 0x00000000ab400000| Complete 
| 180|0x00000000ab400000, 0x00000000ab500000, 0x00000000ab500000|100%|HC|  |TAMS 0x00000000ab500000, 0x00000000ab500000| Complete 
| 181|0x00000000ab500000, 0x00000000ab600000, 0x00000000ab600000|100%| O|  |TAMS 0x00000000ab600000, 0x00000000ab600000| Untracked 
| 182|0x00000000ab600000, 0x00000000ab700000, 0x00000000ab700000|100%| O|  |TAMS 0x00000000ab700000, 0x00000000ab700000| Untracked 
| 183|0x00000000ab700000, 0x00000000ab800000, 0x00000000ab800000|100%| O|  |TAMS 0x00000000ab800000, 0x00000000ab800000| Untracked 
| 184|0x00000000ab800000, 0x00000000ab900000, 0x00000000ab900000|100%|HS|  |TAMS 0x00000000ab900000, 0x00000000ab900000| Complete 
| 185|0x00000000ab900000, 0x00000000aba00000, 0x00000000aba00000|100%|HC|  |TAMS 0x00000000aba00000, 0x00000000aba00000| Complete 
| 186|0x00000000aba00000, 0x00000000abb00000, 0x00000000abb00000|100%| O|  |TAMS 0x00000000abb00000, 0x00000000abb00000| Untracked 
| 187|0x00000000abb00000, 0x00000000abc00000, 0x00000000abc00000|100%|HS|  |TAMS 0x00000000abc00000, 0x00000000abc00000| Complete 
| 188|0x00000000abc00000, 0x00000000abd00000, 0x00000000abd00000|100%| O|  |TAMS 0x00000000abd00000, 0x00000000abd00000| Untracked 
| 189|0x00000000abd00000, 0x00000000abe00000, 0x00000000abe00000|100%| O|  |TAMS 0x00000000abe00000, 0x00000000abe00000| Untracked 
| 190|0x00000000abe00000, 0x00000000abf00000, 0x00000000abf00000|100%| O|  |TAMS 0x00000000abf00000, 0x00000000abf00000| Untracked 
| 191|0x00000000abf00000, 0x00000000ac000000, 0x00000000ac000000|100%| O|  |TAMS 0x00000000ac000000, 0x00000000ac000000| Untracked 
| 192|0x00000000ac000000, 0x00000000ac100000, 0x00000000ac100000|100%| O|  |TAMS 0x00000000ac100000, 0x00000000ac100000| Untracked 
| 193|0x00000000ac100000, 0x00000000ac200000, 0x00000000ac200000|100%| O|  |TAMS 0x00000000ac200000, 0x00000000ac200000| Untracked 
| 194|0x00000000ac200000, 0x00000000ac300000, 0x00000000ac300000|100%| O|  |TAMS 0x00000000ac300000, 0x00000000ac300000| Untracked 
| 195|0x00000000ac300000, 0x00000000ac400000, 0x00000000ac400000|100%|HS|  |TAMS 0x00000000ac400000, 0x00000000ac400000| Complete 
| 196|0x00000000ac400000, 0x00000000ac500000, 0x00000000ac500000|100%|HC|  |TAMS 0x00000000ac500000, 0x00000000ac500000| Complete 
| 197|0x00000000ac500000, 0x00000000ac600000, 0x00000000ac600000|100%| O|  |TAMS 0x00000000ac600000, 0x00000000ac600000| Untracked 
| 198|0x00000000ac600000, 0x00000000ac700000, 0x00000000ac700000|100%| O|  |TAMS 0x00000000ac700000, 0x00000000ac700000| Untracked 
| 199|0x00000000ac700000, 0x00000000ac800000, 0x00000000ac800000|100%|HS|  |TAMS 0x00000000ac800000, 0x00000000ac800000| Complete 
| 200|0x00000000ac800000, 0x00000000ac900000, 0x00000000ac900000|100%|HC|  |TAMS 0x00000000ac900000, 0x00000000ac900000| Complete 
| 201|0x00000000ac900000, 0x00000000aca00000, 0x00000000aca00000|100%| O|  |TAMS 0x00000000aca00000, 0x00000000aca00000| Untracked 
| 202|0x00000000aca00000, 0x00000000acb00000, 0x00000000acb00000|100%| O|  |TAMS 0x00000000acb00000, 0x00000000acb00000| Untracked 
| 203|0x00000000acb00000, 0x00000000acc00000, 0x00000000acc00000|100%| O|  |TAMS 0x00000000acc00000, 0x00000000acc00000| Untracked 
| 204|0x00000000acc00000, 0x00000000acd00000, 0x00000000acd00000|100%|HS|  |TAMS 0x00000000acd00000, 0x00000000acd00000| Complete 
| 205|0x00000000acd00000, 0x00000000ace00000, 0x00000000ace00000|100%| O|  |TAMS 0x00000000ace00000, 0x00000000ace00000| Untracked 
| 206|0x00000000ace00000, 0x00000000acf00000, 0x00000000acf00000|100%|HS|  |TAMS 0x00000000acf00000, 0x00000000acf00000| Complete 
| 207|0x00000000acf00000, 0x00000000ad000000, 0x00000000ad000000|100%|HC|  |TAMS 0x00000000ad000000, 0x00000000ad000000| Complete 
| 208|0x00000000ad000000, 0x00000000ad100000, 0x00000000ad100000|100%|HC|  |TAMS 0x00000000ad100000, 0x00000000ad100000| Complete 
| 209|0x00000000ad100000, 0x00000000ad200000, 0x00000000ad200000|100%| O|  |TAMS 0x00000000ad200000, 0x00000000ad200000| Untracked 
| 210|0x00000000ad200000, 0x00000000ad300000, 0x00000000ad300000|100%| O|  |TAMS 0x00000000ad300000, 0x00000000ad300000| Untracked 
| 211|0x00000000ad300000, 0x00000000ad400000, 0x00000000ad400000|100%| O|  |TAMS 0x00000000ad400000, 0x00000000ad400000| Untracked 
| 212|0x00000000ad400000, 0x00000000ad500000, 0x00000000ad500000|100%| O|  |TAMS 0x00000000ad500000, 0x00000000ad500000| Untracked 
| 213|0x00000000ad500000, 0x00000000ad600000, 0x00000000ad600000|100%| O|  |TAMS 0x00000000ad600000, 0x00000000ad600000| Untracked 
| 214|0x00000000ad600000, 0x00000000ad700000, 0x00000000ad700000|100%| O|  |TAMS 0x00000000ad700000, 0x00000000ad700000| Untracked 
| 215|0x00000000ad700000, 0x00000000ad800000, 0x00000000ad800000|100%| O|  |TAMS 0x00000000ad800000, 0x00000000ad800000| Untracked 
| 216|0x00000000ad800000, 0x00000000ad900000, 0x00000000ad900000|100%| O|  |TAMS 0x00000000ad900000, 0x00000000ad900000| Untracked 
| 217|0x00000000ad900000, 0x00000000ada00000, 0x00000000ada00000|100%| O|  |TAMS 0x00000000ad976200, 0x00000000ada00000| Untracked 
| 218|0x00000000ada00000, 0x00000000adb00000, 0x00000000adb00000|100%|HS|  |TAMS 0x00000000ada00000, 0x00000000adb00000| Complete 
| 219|0x00000000adb00000, 0x00000000adc00000, 0x00000000adc00000|100%| O|  |TAMS 0x00000000adb00000, 0x00000000adc00000| Untracked 
| 220|0x00000000adc00000, 0x00000000add00000, 0x00000000add00000|100%| O|  |TAMS 0x00000000adc00000, 0x00000000add00000| Untracked 
| 221|0x00000000add00000, 0x00000000ade00000, 0x00000000ade00000|100%| O|  |TAMS 0x00000000add00000, 0x00000000ade00000| Untracked 
| 222|0x00000000ade00000, 0x00000000adf00000, 0x00000000adf00000|100%| O|  |TAMS 0x00000000ade00000, 0x00000000adf00000| Untracked 
| 223|0x00000000adf00000, 0x00000000ae000000, 0x00000000ae000000|100%| O|  |TAMS 0x00000000adf00000, 0x00000000ae000000| Untracked 
| 224|0x00000000ae000000, 0x00000000ae100000, 0x00000000ae100000|100%| O|  |TAMS 0x00000000ae000000, 0x00000000ae100000| Untracked 
| 225|0x00000000ae100000, 0x00000000ae200000, 0x00000000ae200000|100%| O|  |TAMS 0x00000000ae100000, 0x00000000ae200000| Untracked 
| 226|0x00000000ae200000, 0x00000000ae300000, 0x00000000ae300000|100%| O|  |TAMS 0x00000000ae200000, 0x00000000ae300000| Untracked 
| 227|0x00000000ae300000, 0x00000000ae400000, 0x00000000ae400000|100%| O|  |TAMS 0x00000000ae300000, 0x00000000ae400000| Untracked 
| 228|0x00000000ae400000, 0x00000000ae500000, 0x00000000ae500000|100%| O|  |TAMS 0x00000000ae400000, 0x00000000ae500000| Untracked 
| 229|0x00000000ae500000, 0x00000000ae600000, 0x00000000ae600000|100%| O|  |TAMS 0x00000000ae500000, 0x00000000ae600000| Untracked 
| 230|0x00000000ae600000, 0x00000000ae700000, 0x00000000ae700000|100%| O|  |TAMS 0x00000000ae600000, 0x00000000ae700000| Untracked 
| 231|0x00000000ae700000, 0x00000000ae800000, 0x00000000ae800000|100%| O|  |TAMS 0x00000000ae700000, 0x00000000ae800000| Untracked 
| 232|0x00000000ae800000, 0x00000000ae900000, 0x00000000ae900000|100%| O|  |TAMS 0x00000000ae800000, 0x00000000ae900000| Untracked 
| 233|0x00000000ae900000, 0x00000000aea00000, 0x00000000aea00000|100%| O|  |TAMS 0x00000000ae900000, 0x00000000aea00000| Untracked 
| 234|0x00000000aea00000, 0x00000000aeb00000, 0x00000000aeb00000|100%| O|  |TAMS 0x00000000aea00000, 0x00000000aeb00000| Untracked 
| 235|0x00000000aeb00000, 0x00000000aec00000, 0x00000000aec00000|100%| O|  |TAMS 0x00000000aeb00000, 0x00000000aec00000| Untracked 
| 236|0x00000000aec00000, 0x00000000aed00000, 0x00000000aed00000|100%| O|  |TAMS 0x00000000aec00000, 0x00000000aed00000| Untracked 
| 237|0x00000000aed00000, 0x00000000aee00000, 0x00000000aee00000|100%| O|  |TAMS 0x00000000aed00000, 0x00000000aee00000| Untracked 
| 238|0x00000000aee00000, 0x00000000aef00000, 0x00000000aef00000|100%| O|  |TAMS 0x00000000aee00000, 0x00000000aef00000| Untracked 
| 239|0x00000000aef00000, 0x00000000af000000, 0x00000000af000000|100%| O|  |TAMS 0x00000000aef00000, 0x00000000af000000| Untracked 
| 240|0x00000000af000000, 0x00000000af100000, 0x00000000af100000|100%| O|  |TAMS 0x00000000af000000, 0x00000000af100000| Untracked 
| 241|0x00000000af100000, 0x00000000af200000, 0x00000000af200000|100%| O|  |TAMS 0x00000000af100000, 0x00000000af200000| Untracked 
| 242|0x00000000af200000, 0x00000000af300000, 0x00000000af300000|100%| O|  |TAMS 0x00000000af200000, 0x00000000af300000| Untracked 
| 243|0x00000000af300000, 0x00000000af400000, 0x00000000af400000|100%| O|  |TAMS 0x00000000af300000, 0x00000000af400000| Untracked 
| 244|0x00000000af400000, 0x00000000af500000, 0x00000000af500000|100%| O|  |TAMS 0x00000000af400000, 0x00000000af500000| Untracked 
| 245|0x00000000af500000, 0x00000000af600000, 0x00000000af600000|100%| O|  |TAMS 0x00000000af500000, 0x00000000af569e00| Untracked 
| 246|0x00000000af600000, 0x00000000af700000, 0x00000000af700000|100%| O|  |TAMS 0x00000000af600000, 0x00000000af600000| Untracked 
| 247|0x00000000af700000, 0x00000000af800000, 0x00000000af800000|100%| O|  |TAMS 0x00000000af700000, 0x00000000af700000| Untracked 
| 248|0x00000000af800000, 0x00000000af900000, 0x00000000af900000|100%| O|  |TAMS 0x00000000af800000, 0x00000000af800000| Untracked 
| 249|0x00000000af900000, 0x00000000afa00000, 0x00000000afa00000|100%| O|  |TAMS 0x00000000af900000, 0x00000000af900000| Untracked 
| 250|0x00000000afa00000, 0x00000000afb00000, 0x00000000afb00000|100%| O|  |TAMS 0x00000000afa00000, 0x00000000afa00000| Untracked 
| 251|0x00000000afb00000, 0x00000000afc00000, 0x00000000afc00000|100%| O|  |TAMS 0x00000000afb00000, 0x00000000afb00000| Untracked 
| 252|0x00000000afc00000, 0x00000000afd00000, 0x00000000afd00000|100%| O|  |TAMS 0x00000000afc00000, 0x00000000afc00000| Untracked 
| 253|0x00000000afd00000, 0x00000000afe00000, 0x00000000afe00000|100%| O|  |TAMS 0x00000000afd00000, 0x00000000afd00000| Untracked 
| 254|0x00000000afe00000, 0x00000000afe00000, 0x00000000aff00000|  0%| F|  |TAMS 0x00000000afe00000, 0x00000000afe00000| Untracked 
| 255|0x00000000aff00000, 0x00000000aff00000, 0x00000000b0000000|  0%| F|  |TAMS 0x00000000aff00000, 0x00000000aff00000| Untracked 
| 256|0x00000000b0000000, 0x00000000b0000000, 0x00000000b0100000|  0%| F|  |TAMS 0x00000000b0000000, 0x00000000b0000000| Untracked 
| 257|0x00000000b0100000, 0x00000000b0100000, 0x00000000b0200000|  0%| F|  |TAMS 0x00000000b0100000, 0x00000000b0100000| Untracked 
| 258|0x00000000b0200000, 0x00000000b0200000, 0x00000000b0300000|  0%| F|  |TAMS 0x00000000b0200000, 0x00000000b0200000| Untracked 
| 259|0x00000000b0300000, 0x00000000b0300000, 0x00000000b0400000|  0%| F|  |TAMS 0x00000000b0300000, 0x00000000b0300000| Untracked 
| 260|0x00000000b0400000, 0x00000000b0400000, 0x00000000b0500000|  0%| F|  |TAMS 0x00000000b0400000, 0x00000000b0400000| Untracked 
| 261|0x00000000b0500000, 0x00000000b0500000, 0x00000000b0600000|  0%| F|  |TAMS 0x00000000b0500000, 0x00000000b0500000| Untracked 
| 262|0x00000000b0600000, 0x00000000b0600000, 0x00000000b0700000|  0%| F|  |TAMS 0x00000000b0600000, 0x00000000b0600000| Untracked 
| 263|0x00000000b0700000, 0x00000000b0700000, 0x00000000b0800000|  0%| F|  |TAMS 0x00000000b0700000, 0x00000000b0700000| Untracked 
| 264|0x00000000b0800000, 0x00000000b0800000, 0x00000000b0900000|  0%| F|  |TAMS 0x00000000b0800000, 0x00000000b0800000| Untracked 
| 265|0x00000000b0900000, 0x00000000b0900000, 0x00000000b0a00000|  0%| F|  |TAMS 0x00000000b0900000, 0x00000000b0900000| Untracked 
| 266|0x00000000b0a00000, 0x00000000b0a00000, 0x00000000b0b00000|  0%| F|  |TAMS 0x00000000b0a00000, 0x00000000b0a00000| Untracked 
| 267|0x00000000b0b00000, 0x00000000b0b00000, 0x00000000b0c00000|  0%| F|  |TAMS 0x00000000b0b00000, 0x00000000b0b00000| Untracked 
| 268|0x00000000b0c00000, 0x00000000b0c00000, 0x00000000b0d00000|  0%| F|  |TAMS 0x00000000b0c00000, 0x00000000b0c00000| Untracked 
| 269|0x00000000b0d00000, 0x00000000b0d00000, 0x00000000b0e00000|  0%| F|  |TAMS 0x00000000b0d00000, 0x00000000b0d00000| Untracked 
| 270|0x00000000b0e00000, 0x00000000b0e00000, 0x00000000b0f00000|  0%| F|  |TAMS 0x00000000b0e00000, 0x00000000b0e00000| Untracked 
| 271|0x00000000b0f00000, 0x00000000b0f00000, 0x00000000b1000000|  0%| F|  |TAMS 0x00000000b0f00000, 0x00000000b0f00000| Untracked 
| 272|0x00000000b1000000, 0x00000000b1000000, 0x00000000b1100000|  0%| F|  |TAMS 0x00000000b1000000, 0x00000000b1000000| Untracked 
| 273|0x00000000b1100000, 0x00000000b1100000, 0x00000000b1200000|  0%| F|  |TAMS 0x00000000b1100000, 0x00000000b1100000| Untracked 
| 274|0x00000000b1200000, 0x00000000b1200000, 0x00000000b1300000|  0%| F|  |TAMS 0x00000000b1200000, 0x00000000b1200000| Untracked 
| 275|0x00000000b1300000, 0x00000000b1300000, 0x00000000b1400000|  0%| F|  |TAMS 0x00000000b1300000, 0x00000000b1300000| Untracked 
| 276|0x00000000b1400000, 0x00000000b1400000, 0x00000000b1500000|  0%| F|  |TAMS 0x00000000b1400000, 0x00000000b1400000| Untracked 
| 277|0x00000000b1500000, 0x00000000b1500000, 0x00000000b1600000|  0%| F|  |TAMS 0x00000000b1500000, 0x00000000b1500000| Untracked 
| 278|0x00000000b1600000, 0x00000000b1600000, 0x00000000b1700000|  0%| F|  |TAMS 0x00000000b1600000, 0x00000000b1600000| Untracked 
| 279|0x00000000b1700000, 0x00000000b1700000, 0x00000000b1800000|  0%| F|  |TAMS 0x00000000b1700000, 0x00000000b1700000| Untracked 
| 280|0x00000000b1800000, 0x00000000b1800000, 0x00000000b1900000|  0%| F|  |TAMS 0x00000000b1800000, 0x00000000b1800000| Untracked 
| 281|0x00000000b1900000, 0x00000000b1900000, 0x00000000b1a00000|  0%| F|  |TAMS 0x00000000b1900000, 0x00000000b1900000| Untracked 
| 282|0x00000000b1a00000, 0x00000000b1a00000, 0x00000000b1b00000|  0%| F|  |TAMS 0x00000000b1a00000, 0x00000000b1a00000| Untracked 
| 283|0x00000000b1b00000, 0x00000000b1b00000, 0x00000000b1c00000|  0%| F|  |TAMS 0x00000000b1b00000, 0x00000000b1b00000| Untracked 
| 284|0x00000000b1c00000, 0x00000000b1c00000, 0x00000000b1d00000|  0%| F|  |TAMS 0x00000000b1c00000, 0x00000000b1c00000| Untracked 
| 285|0x00000000b1d00000, 0x00000000b1d00000, 0x00000000b1e00000|  0%| F|  |TAMS 0x00000000b1d00000, 0x00000000b1d00000| Untracked 
| 286|0x00000000b1e00000, 0x00000000b1e00000, 0x00000000b1f00000|  0%| F|  |TAMS 0x00000000b1e00000, 0x00000000b1e00000| Untracked 
| 287|0x00000000b1f00000, 0x00000000b1f00000, 0x00000000b2000000|  0%| F|  |TAMS 0x00000000b1f00000, 0x00000000b1f00000| Untracked 
| 288|0x00000000b2000000, 0x00000000b2000000, 0x00000000b2100000|  0%| F|  |TAMS 0x00000000b2000000, 0x00000000b2000000| Untracked 
| 289|0x00000000b2100000, 0x00000000b2100000, 0x00000000b2200000|  0%| F|  |TAMS 0x00000000b2100000, 0x00000000b2100000| Untracked 
| 290|0x00000000b2200000, 0x00000000b2200000, 0x00000000b2300000|  0%| F|  |TAMS 0x00000000b2200000, 0x00000000b2200000| Untracked 
| 291|0x00000000b2300000, 0x00000000b2300000, 0x00000000b2400000|  0%| F|  |TAMS 0x00000000b2300000, 0x00000000b2300000| Untracked 
| 292|0x00000000b2400000, 0x00000000b2400000, 0x00000000b2500000|  0%| F|  |TAMS 0x00000000b2400000, 0x00000000b2400000| Untracked 
| 293|0x00000000b2500000, 0x00000000b2500000, 0x00000000b2600000|  0%| F|  |TAMS 0x00000000b2500000, 0x00000000b2500000| Untracked 
| 294|0x00000000b2600000, 0x00000000b2600000, 0x00000000b2700000|  0%| F|  |TAMS 0x00000000b2600000, 0x00000000b2600000| Untracked 
| 295|0x00000000b2700000, 0x00000000b2700000, 0x00000000b2800000|  0%| F|  |TAMS 0x00000000b2700000, 0x00000000b2700000| Untracked 
| 296|0x00000000b2800000, 0x00000000b2800000, 0x00000000b2900000|  0%| F|  |TAMS 0x00000000b2800000, 0x00000000b2800000| Untracked 
| 297|0x00000000b2900000, 0x00000000b2900000, 0x00000000b2a00000|  0%| F|  |TAMS 0x00000000b2900000, 0x00000000b2900000| Untracked 
| 298|0x00000000b2a00000, 0x00000000b2a00000, 0x00000000b2b00000|  0%| F|  |TAMS 0x00000000b2a00000, 0x00000000b2a00000| Untracked 
| 299|0x00000000b2b00000, 0x00000000b2c00000, 0x00000000b2c00000|100%| S|CS|TAMS 0x00000000b2b00000, 0x00000000b2b00000| Complete 
| 300|0x00000000b2c00000, 0x00000000b2d00000, 0x00000000b2d00000|100%| S|CS|TAMS 0x00000000b2c00000, 0x00000000b2c00000| Complete 
| 301|0x00000000b2d00000, 0x00000000b2e00000, 0x00000000b2e00000|100%| S|CS|TAMS 0x00000000b2d00000, 0x00000000b2d00000| Complete 
| 302|0x00000000b2e00000, 0x00000000b2e00000, 0x00000000b2f00000|  0%| F|  |TAMS 0x00000000b2e00000, 0x00000000b2e00000| Untracked 
| 303|0x00000000b2f00000, 0x00000000b2f00000, 0x00000000b3000000|  0%| F|  |TAMS 0x00000000b2f00000, 0x00000000b2f00000| Untracked 
| 304|0x00000000b3000000, 0x00000000b3000000, 0x00000000b3100000|  0%| F|  |TAMS 0x00000000b3000000, 0x00000000b3000000| Untracked 
| 305|0x00000000b3100000, 0x00000000b3100000, 0x00000000b3200000|  0%| F|  |TAMS 0x00000000b3100000, 0x00000000b3100000| Untracked 
| 306|0x00000000b3200000, 0x00000000b3200000, 0x00000000b3300000|  0%| F|  |TAMS 0x00000000b3200000, 0x00000000b3200000| Untracked 
| 307|0x00000000b3300000, 0x00000000b3300000, 0x00000000b3400000|  0%| F|  |TAMS 0x00000000b3300000, 0x00000000b3300000| Untracked 
| 308|0x00000000b3400000, 0x00000000b3400000, 0x00000000b3500000|  0%| F|  |TAMS 0x00000000b3400000, 0x00000000b3400000| Untracked 
| 309|0x00000000b3500000, 0x00000000b3500000, 0x00000000b3600000|  0%| F|  |TAMS 0x00000000b3500000, 0x00000000b3500000| Untracked 
| 310|0x00000000b3600000, 0x00000000b3600000, 0x00000000b3700000|  0%| F|  |TAMS 0x00000000b3600000, 0x00000000b3600000| Untracked 
| 311|0x00000000b3700000, 0x00000000b3700000, 0x00000000b3800000|  0%| F|  |TAMS 0x00000000b3700000, 0x00000000b3700000| Untracked 
| 312|0x00000000b3800000, 0x00000000b3800000, 0x00000000b3900000|  0%| F|  |TAMS 0x00000000b3800000, 0x00000000b3800000| Untracked 
| 313|0x00000000b3900000, 0x00000000b3900000, 0x00000000b3a00000|  0%| F|  |TAMS 0x00000000b3900000, 0x00000000b3900000| Untracked 
| 314|0x00000000b3a00000, 0x00000000b3a00000, 0x00000000b3b00000|  0%| F|  |TAMS 0x00000000b3a00000, 0x00000000b3a00000| Untracked 
| 315|0x00000000b3b00000, 0x00000000b3b00000, 0x00000000b3c00000|  0%| F|  |TAMS 0x00000000b3b00000, 0x00000000b3b00000| Untracked 
| 316|0x00000000b3c00000, 0x00000000b3c00000, 0x00000000b3d00000|  0%| F|  |TAMS 0x00000000b3c00000, 0x00000000b3c00000| Untracked 
| 317|0x00000000b3d00000, 0x00000000b3d00000, 0x00000000b3e00000|  0%| F|  |TAMS 0x00000000b3d00000, 0x00000000b3d00000| Untracked 

Card table byte_map: [0x000001f6d4070000,0x000001f6d4370000] _byte_map_base: 0x000001f6d3b70000

Marking Bits (Prev, Next): (CMBitMap*) 0x000001f6c12862c8, (CMBitMap*) 0x000001f6c1286300
 Prev Bits: [0x000001f6d4670000, 0x000001f6d5e70000)
 Next Bits: [0x000001f6d5e70000, 0x000001f6d7670000)

Polling page: 0x000001f6c0a30000

Metaspace:

Usage:
  Non-class:    111.19 MB capacity,   109.04 MB ( 98%) used,     1.78 MB (  2%) free+waste,   383.69 KB ( <1%) overhead. 
      Class:     16.57 MB capacity,    15.38 MB ( 93%) used,     1.02 MB (  6%) free+waste,   168.38 KB ( <1%) overhead. 
       Both:    127.76 MB capacity,   124.42 MB ( 97%) used,     2.80 MB (  2%) free+waste,   552.06 KB ( <1%) overhead. 

Virtual space:
  Non-class space:      112.00 MB reserved,     111.40 MB (>99%) committed 
      Class space:        1.00 GB reserved,      16.63 MB (  2%) committed 
             Both:        1.11 GB reserved,     128.03 MB ( 11%) committed 

Chunk freelists:
   Non-Class:  22.00 KB
       Class:  0 bytes
        Both:  22.00 KB

MaxMetaspaceSize: 17179869184.00 GB
CompressedClassSpaceSize: 1.00 GB
Initial GC threshold: 20.80 MB
Current GC threshold: 212.96 MB
CDS: off

CodeHeap 'non-profiled nmethods': size=120064Kb used=12379Kb max_used=12379Kb free=107684Kb
 bounds [0x000001f6cc830000, 0x000001f6cd450000, 0x000001f6d3d70000]
CodeHeap 'profiled nmethods': size=120000Kb used=42316Kb max_used=42316Kb free=77683Kb
 bounds [0x000001f6c5300000, 0x000001f6c7c60000, 0x000001f6cc830000]
CodeHeap 'non-nmethods': size=5696Kb used=2551Kb max_used=2598Kb free=3144Kb
 bounds [0x000001f6c4d70000, 0x000001f6c5010000, 0x000001f6c5300000]
 total_blobs=19417 nmethods=18312 adapters=1016
 compilation: enabled
              stopped_count=0, restarted_count=0
 full_count=0

Compilation events (20 events):
Event: 457.144 Thread 0x000001f6d9b74000 19491       2       com.android.tools.r8.dex.i::h (959 bytes)
Event: 457.153 Thread 0x000001f6d9b74000 nmethod 19491 0x000001f6c7c3e410 code [0x000001f6c7c3e9c0, 0x000001f6c7c40de8]
Event: 457.153 Thread 0x000001f6d9b74000 19492       2       com.android.tools.r8.graph.f1$j::<init> (7 bytes)
Event: 457.153 Thread 0x000001f6d9b74000 nmethod 19492 0x000001f6c7c42190 code [0x000001f6c7c42340, 0x000001f6c7c42498]
Event: 457.153 Thread 0x000001f6d9b74000 19493       2       com.android.tools.r8.graph.f1$l::<init> (10 bytes)
Event: 457.153 Thread 0x000001f6d9b74000 nmethod 19493 0x000001f6c7c42510 code [0x000001f6c7c426c0, 0x000001f6c7c427f8]
Event: 457.153 Thread 0x000001f6d9b74000 19494       2       com.android.tools.r8.graph.f1$l::<init> (6 bytes)
Event: 457.154 Thread 0x000001f6d9b74000 nmethod 19494 0x000001f6c7c42890 code [0x000001f6c7c42a40, 0x000001f6c7c42b78]
Event: 457.154 Thread 0x000001f6d9b74000 19495       2       com.android.tools.r8.graph.f1$g::<init> (10 bytes)
Event: 457.154 Thread 0x000001f6d9b74000 nmethod 19495 0x000001f6c7c42c10 code [0x000001f6c7c42dc0, 0x000001f6c7c42eb8]
Event: 457.167 Thread 0x000001f6d9b74000 19496       2       com.android.tools.r8.code.e::<init> (7 bytes)
Event: 457.168 Thread 0x000001f6d9b74000 nmethod 19496 0x000001f6c7c42f90 code [0x000001f6c7c43140, 0x000001f6c7c43298]
Event: 457.279 Thread 0x000001f6d9b74000 19499       2       com.android.tools.r8.code.c0::hashCode (22 bytes)
Event: 457.279 Thread 0x000001f6d9b74000 nmethod 19499 0x000001f6c7c43390 code [0x000001f6c7c43540, 0x000001f6c7c43688]
Event: 457.304 Thread 0x000001f6d9b74000 19500       2       com.android.tools.r8.code.r::<init> (7 bytes)
Event: 457.305 Thread 0x000001f6d9b74000 nmethod 19500 0x000001f6c7c43710 code [0x000001f6c7c438c0, 0x000001f6c7c43a18]
Event: 457.309 Thread 0x000001f6d9b74000 19501 %     3       com.android.tools.r8.dex.i::h @ 453 (959 bytes)
Event: 457.320 Thread 0x000001f6d9b74000 nmethod 19501% 0x000001f6c7c43b10 code [0x000001f6c7c44580, 0x000001f6c7c4a688]
Event: 457.322 Thread 0x000001f6d9b74000 19502       3       com.android.tools.r8.dex.i::h (959 bytes)
Event: 457.332 Thread 0x000001f6d9b74000 nmethod 19502 0x000001f6c7c4ca10 code [0x000001f6c7c4d480, 0x000001f6c7c53488]

GC Heap History (20 events):
Event: 454.345 GC heap after
{Heap after GC invocations=93 (full 0):
 garbage-first heap   total 273408K, used 197673K [0x00000000a0000000, 0x0000000100000000)
  region size 1024K, 4 young (4096K), 4 survivors (4096K)
 Metaspace       used 124401K, capacity 127733K, committed 128028K, reserved 1161216K
  class space    used 15200K, capacity 16409K, committed 16512K, reserved 1048576K
}
Event: 454.585 GC heap before
{Heap before GC invocations=93 (full 0):
 garbage-first heap   total 273408K, used 239657K [0x00000000a0000000, 0x0000000100000000)
  region size 1024K, 27 young (27648K), 4 survivors (4096K)
 Metaspace       used 124663K, capacity 128034K, committed 128284K, reserved 1161216K
  class space    used 15241K, capacity 16445K, committed 16512K, reserved 1048576K
}
Event: 454.590 GC heap after
{Heap after GC invocations=94 (full 0):
 garbage-first heap   total 273408K, used 205478K [0x00000000a0000000, 0x0000000100000000)
  region size 1024K, 2 young (2048K), 2 survivors (2048K)
 Metaspace       used 124663K, capacity 128034K, committed 128284K, reserved 1161216K
  class space    used 15241K, capacity 16445K, committed 16512K, reserved 1048576K
}
Event: 454.962 GC heap before
{Heap before GC invocations=94 (full 0):
 garbage-first heap   total 273408K, used 225958K [0x00000000a0000000, 0x0000000100000000)
  region size 1024K, 23 young (23552K), 2 survivors (2048K)
 Metaspace       used 124768K, capacity 128178K, committed 128284K, reserved 1161216K
  class space    used 15249K, capacity 16450K, committed 16512K, reserved 1048576K
}
Event: 454.975 GC heap after
{Heap after GC invocations=95 (full 0):
 garbage-first heap   total 273408K, used 210125K [0x00000000a0000000, 0x0000000100000000)
  region size 1024K, 3 young (3072K), 3 survivors (3072K)
 Metaspace       used 124768K, capacity 128178K, committed 128284K, reserved 1161216K
  class space    used 15249K, capacity 16450K, committed 16512K, reserved 1048576K
}
Event: 455.217 GC heap before
{Heap before GC invocations=96 (full 0):
 garbage-first heap   total 273408K, used 228557K [0x00000000a0000000, 0x0000000100000000)
  region size 1024K, 22 young (22528K), 3 survivors (3072K)
 Metaspace       used 124821K, capacity 128205K, committed 128284K, reserved 1161216K
  class space    used 15261K, capacity 16462K, committed 16512K, reserved 1048576K
}
Event: 455.244 GC heap after
{Heap after GC invocations=97 (full 0):
 garbage-first heap   total 273408K, used 217759K [0x00000000a0000000, 0x0000000100000000)
  region size 1024K, 3 young (3072K), 3 survivors (3072K)
 Metaspace       used 124821K, capacity 128205K, committed 128284K, reserved 1161216K
  class space    used 15261K, capacity 16462K, committed 16512K, reserved 1048576K
}
Event: 455.365 GC heap before
{Heap before GC invocations=97 (full 0):
 garbage-first heap   total 273408K, used 229023K [0x00000000a0000000, 0x0000000100000000)
  region size 1024K, 13 young (13312K), 3 survivors (3072K)
 Metaspace       used 124821K, capacity 128205K, committed 128284K, reserved 1161216K
  class space    used 15261K, capacity 16462K, committed 16512K, reserved 1048576K
}
Event: 455.389 GC heap after
{Heap after GC invocations=98 (full 0):
 garbage-first heap   total 273408K, used 222208K [0x00000000a0000000, 0x0000000100000000)
  region size 1024K, 2 young (2048K), 2 survivors (2048K)
 Metaspace       used 124821K, capacity 128205K, committed 128284K, reserved 1161216K
  class space    used 15261K, capacity 16462K, committed 16512K, reserved 1048576K
}
Event: 455.416 GC heap before
{Heap before GC invocations=98 (full 0):
 garbage-first heap   total 273408K, used 225280K [0x00000000a0000000, 0x0000000100000000)
  region size 1024K, 6 young (6144K), 2 survivors (2048K)
 Metaspace       used 124821K, capacity 128205K, committed 128284K, reserved 1161216K
  class space    used 15261K, capacity 16462K, committed 16512K, reserved 1048576K
}
Event: 455.433 GC heap after
{Heap after GC invocations=99 (full 0):
 garbage-first heap   total 273408K, used 224600K [0x00000000a0000000, 0x0000000100000000)
  region size 1024K, 2 young (2048K), 2 survivors (2048K)
 Metaspace       used 124821K, capacity 128205K, committed 128284K, reserved 1161216K
  class space    used 15261K, capacity 16462K, committed 16512K, reserved 1048576K
}
Event: 455.895 GC heap before
{Heap before GC invocations=99 (full 0):
 garbage-first heap   total 273408K, used 237912K [0x00000000a0000000, 0x0000000100000000)
  region size 1024K, 13 young (13312K), 2 survivors (2048K)
 Metaspace       used 126948K, capacity 130394K, committed 130588K, reserved 1163264K
  class space    used 15714K, capacity 16956K, committed 17024K, reserved 1048576K
}
Event: 455.915 GC heap after
{Heap after GC invocations=100 (full 0):
 garbage-first heap   total 325632K, used 227387K [0x00000000a0000000, 0x0000000100000000)
  region size 1024K, 2 young (2048K), 2 survivors (2048K)
 Metaspace       used 126948K, capacity 130394K, committed 130588K, reserved 1163264K
  class space    used 15714K, capacity 16956K, committed 17024K, reserved 1048576K
}
Event: 456.587 GC heap before
{Heap before GC invocations=101 (full 0):
 garbage-first heap   total 325632K, used 252987K [0x00000000a0000000, 0x0000000100000000)
  region size 1024K, 28 young (28672K), 2 survivors (2048K)
 Metaspace       used 127319K, capacity 130755K, committed 130844K, reserved 1163264K
  class space    used 15745K, capacity 16963K, committed 17024K, reserved 1048576K
}
Event: 456.621 GC heap after
{Heap after GC invocations=102 (full 0):
 garbage-first heap   total 325632K, used 239988K [0x00000000a0000000, 0x0000000100000000)
  region size 1024K, 4 young (4096K), 4 survivors (4096K)
 Metaspace       used 127319K, capacity 130755K, committed 130844K, reserved 1163264K
  class space    used 15745K, capacity 16963K, committed 17024K, reserved 1048576K
}
Event: 456.729 GC heap before
{Heap before GC invocations=102 (full 0):
 garbage-first heap   total 325632K, used 251252K [0x00000000a0000000, 0x0000000100000000)
  region size 1024K, 15 young (15360K), 4 survivors (4096K)
 Metaspace       used 127342K, capacity 130759K, committed 130844K, reserved 1163264K
  class space    used 15746K, capacity 16964K, committed 17024K, reserved 1048576K
}
Event: 456.776 GC heap after
{Heap after GC invocations=103 (full 0):
 garbage-first heap   total 325632K, used 243491K [0x00000000a0000000, 0x0000000100000000)
  region size 1024K, 2 young (2048K), 2 survivors (2048K)
 Metaspace       used 127342K, capacity 130759K, committed 130844K, reserved 1163264K
  class space    used 15746K, capacity 16964K, committed 17024K, reserved 1048576K
}
Event: 457.007 GC heap before
{Heap before GC invocations=103 (full 0):
 garbage-first heap   total 325632K, used 263971K [0x00000000a0000000, 0x0000000100000000)
  region size 1024K, 22 young (22528K), 2 survivors (2048K)
 Metaspace       used 127392K, capacity 130826K, committed 131100K, reserved 1163264K
  class space    used 15746K, capacity 16964K, committed 17024K, reserved 1048576K
}
Event: 457.039 GC heap after
{Heap after GC invocations=104 (full 0):
 garbage-first heap   total 325632K, used 254375K [0x00000000a0000000, 0x0000000100000000)
  region size 1024K, 3 young (3072K), 3 survivors (3072K)
 Metaspace       used 127392K, capacity 130826K, committed 131100K, reserved 1163264K
  class space    used 15746K, capacity 16964K, committed 17024K, reserved 1048576K
}
Event: 457.341 GC heap before
{Heap before GC invocations=104 (full 0):
 garbage-first heap   total 325632K, used 270759K [0x00000000a0000000, 0x0000000100000000)
  region size 1024K, 19 young (19456K), 3 survivors (3072K)
 Metaspace       used 127402K, capacity 130826K, committed 131100K, reserved 1163264K
  class space    used 15746K, capacity 16964K, committed 17024K, reserved 1048576K
}

Deoptimization events (20 events):
Event: 456.908 Thread 0x000001f6e62a2000 DEOPT PACKING pc=0x000001f6cd43d2c4 sp=0x000000377f8fe810
Event: 456.908 Thread 0x000001f6e62a2000 DEOPT UNPACKING pc=0x000001f6c4dba1af sp=0x000000377f8fe7f8 mode 2
Event: 457.091 Thread 0x000001f6e62a2000 DEOPT PACKING pc=0x000001f6c7c35521 sp=0x000000377f8fe0b0
Event: 457.091 Thread 0x000001f6e62a2000 DEOPT UNPACKING pc=0x000001f6c4dba95e sp=0x000000377f8fdcf0 mode 0
Event: 457.123 Thread 0x000001f6e62a2000 DEOPT PACKING pc=0x000001f6c7c35521 sp=0x000000377f8fe0b0
Event: 457.123 Thread 0x000001f6e62a2000 DEOPT UNPACKING pc=0x000001f6c4dba95e sp=0x000000377f8fdcf0 mode 0
Event: 457.144 Thread 0x000001f6e62a2800 Uncommon trap: trap_request=0xffffff4d fr.pc=0x000001f6cd44534c relative=0x000000000000146c
Event: 457.144 Thread 0x000001f6e62a2800 Uncommon trap: reason=unstable_if action=reinterpret pc=0x000001f6cd44534c method=com.android.tools.r8.dex.i.h()Lcom/android/tools/r8/graph/f1; @ 23 c2
Event: 457.144 Thread 0x000001f6e62a2800 DEOPT PACKING pc=0x000001f6cd44534c sp=0x000000377fafe570
Event: 457.144 Thread 0x000001f6e62a2800 DEOPT UNPACKING pc=0x000001f6c4dba1af sp=0x000000377fafe548 mode 2
Event: 457.160 Thread 0x000001f6e62a2800 DEOPT PACKING pc=0x000001f6c7c35521 sp=0x000000377fafdd30
Event: 457.160 Thread 0x000001f6e62a2800 DEOPT UNPACKING pc=0x000001f6c4dba95e sp=0x000000377fafd970 mode 0
Event: 457.221 Thread 0x000001f6e62a2800 DEOPT PACKING pc=0x000001f6c7c35521 sp=0x000000377fafdd30
Event: 457.221 Thread 0x000001f6e62a2800 DEOPT UNPACKING pc=0x000001f6c4dba95e sp=0x000000377fafd970 mode 0
Event: 457.320 Thread 0x000001f6e62a2800 DEOPT PACKING pc=0x000001f6c7c35521 sp=0x000000377fafdd30
Event: 457.320 Thread 0x000001f6e62a2800 DEOPT UNPACKING pc=0x000001f6c4dba95e sp=0x000000377fafd970 mode 0
Event: 457.333 Thread 0x000001f6e62a2000 DEOPT PACKING pc=0x000001f6c7c40530 sp=0x000000377f8fe160
Event: 457.333 Thread 0x000001f6e62a2000 DEOPT UNPACKING pc=0x000001f6c4dba95e sp=0x000000377f8fd7c0 mode 0
Event: 457.334 Thread 0x000001f6e62a2000 DEOPT PACKING pc=0x000001f6c7c35521 sp=0x000000377f8fe0d0
Event: 457.334 Thread 0x000001f6e62a2000 DEOPT UNPACKING pc=0x000001f6c4dba95e sp=0x000000377f8fdd10 mode 0

Classes redefined (0 events):
No events

Internal exceptions (20 events):
Event: 452.132 Thread 0x000001f6e4972800 Exception <a 'java/lang/NoSuchMethodError'{0x00000000afbe8550}: <clinit>> (0x00000000afbe8550) thrown at [./src/hotspot/share/prims/jni.cpp, line 1366]
Event: 453.315 Thread 0x000001f6e4978800 Exception <a 'sun/nio/fs/WindowsException'{0x00000000b0102608}> (0x00000000b0102608) thrown at [./src/hotspot/share/prims/jni.cpp, line 616]
Event: 453.315 Thread 0x000001f6e4978800 Exception <a 'sun/nio/fs/WindowsException'{0x00000000b0103748}> (0x00000000b0103748) thrown at [./src/hotspot/share/prims/jni.cpp, line 616]
Event: 453.315 Thread 0x000001f6e4978800 Exception <a 'sun/nio/fs/WindowsException'{0x00000000b0103a28}> (0x00000000b0103a28) thrown at [./src/hotspot/share/prims/jni.cpp, line 616]
Event: 453.415 Thread 0x000001f6e4978800 Exception <a 'sun/nio/fs/WindowsException'{0x00000000b011edc0}> (0x00000000b011edc0) thrown at [./src/hotspot/share/prims/jni.cpp, line 616]
Event: 453.416 Thread 0x000001f6e4978800 Exception <a 'sun/nio/fs/WindowsException'{0x00000000b011ff20}> (0x00000000b011ff20) thrown at [./src/hotspot/share/prims/jni.cpp, line 616]
Event: 453.705 Thread 0x000001f6e497b000 Exception <a 'sun/nio/fs/WindowsException'{0x00000000af987f88}> (0x00000000af987f88) thrown at [./src/hotspot/share/prims/jni.cpp, line 616]
Event: 453.855 Thread 0x000001f6e497b000 Exception <a 'java/lang/NoSuchMethodError'{0x00000000af6f5758}: 'java.lang.Object java.lang.invoke.DirectMethodHandle$Holder.newInvokeSpecial(java.lang.Object, int)'> (0x00000000af6f5758) thrown at [./src/hotspot/share/interpreter/linkResolver.cpp, line 773]
Event: 454.186 Thread 0x000001f6e4979800 Exception <a 'java/lang/NoSuchMethodError'{0x00000000ae499670}: 'java.lang.Object java.lang.invoke.DirectMethodHandle$Holder.invokeVirtual(java.lang.Object, java.lang.Object, int)'> (0x00000000ae499670) thrown at [./src/hotspot/share/interpreter/linkResolver.cpp, line 773]
Event: 454.192 Thread 0x000001f6e4979800 Exception <a 'java/lang/NoSuchMethodError'{0x00000000ae4c95e0}: 'void java.lang.invoke.DirectMethodHandle$Holder.invokeStatic(java.lang.Object, java.lang.Object, java.lang.Object, int)'> (0x00000000ae4c95e0) thrown at [./src/hotspot/share/interpreter/linkResolver.cpp, line 773]
Event: 454.302 Thread 0x000001f6e497b000 Exception <a 'java/lang/NoSuchMethodError'{0x00000000b060f648}: 'java.lang.Object java.lang.invoke.DirectMethodHandle$Holder.invokeStaticInit(java.lang.Object, java.lang.Object, java.lang.Object, java.lang.Object, java.lang.Object, java.lang.Object, java.lang.Object, java.lang.Object, java.lang.Object, java.lang.Object, java.lang.Object, java.lang.Object, java.lang.Object, java.lang.Object, java.lang.Object, java.lang.Object, java.lang.Object, java.lang.Object, int, java.lang.Object, java.lang.Object)'> (0
Event: 455.138 Thread 0x000001f6e4980000 Exception <a 'java/lang/NoSuchMethodError'{0x00000000afd00e10}: 'void java.lang.invoke.DirectMethodHandle$Holder.invokeStatic(java.lang.Object, long)'> (0x00000000afd00e10) thrown at [./src/hotspot/share/interpreter/linkResolver.cpp, line 773]
Event: 455.139 Thread 0x000001f6e4980000 Exception <a 'java/lang/NoSuchMethodError'{0x00000000afd06510}: 'java.lang.Object java.lang.invoke.DirectMethodHandle$Holder.invokeStatic(java.lang.Object, long)'> (0x00000000afd06510) thrown at [./src/hotspot/share/interpreter/linkResolver.cpp, line 773]
Event: 455.140 Thread 0x000001f6e4980000 Exception <a 'java/lang/NoSuchMethodError'{0x00000000afd0cad8}: 'java.lang.Object java.lang.invoke.Invokers$Holder.linkToTargetMethod(long, java.lang.Object)'> (0x00000000afd0cad8) thrown at [./src/hotspot/share/interpreter/linkResolver.cpp, line 773]
Event: 455.143 Thread 0x000001f6e4980000 Exception <a 'java/lang/NoSuchMethodError'{0x00000000afd15740}: 'java.lang.Object java.lang.invoke.DirectMethodHandle$Holder.invokeStaticInit(java.lang.Object, java.lang.Object, long, java.lang.Object)'> (0x00000000afd15740) thrown at [./src/hotspot/share/interpreter/linkResolver.cpp, line 773]
Event: 455.181 Thread 0x000001f6e4980000 Exception <a 'java/lang/NoSuchMethodError'{0x00000000afd1bb20}: 'java.lang.Object java.lang.invoke.DirectMethodHandle$Holder.invokeStatic(java.lang.Object, java.lang.Object, long)'> (0x00000000afd1bb20) thrown at [./src/hotspot/share/interpreter/linkResolver.cpp, line 773]
Event: 455.182 Thread 0x000001f6e4980000 Exception <a 'java/lang/NoSuchMethodError'{0x00000000af967620}: 'java.lang.Object java.lang.invoke.Invokers$Holder.linkToTargetMethod(java.lang.Object, long, java.lang.Object)'> (0x00000000af967620) thrown at [./src/hotspot/share/interpreter/linkResolver.cpp, line 773]
Event: 455.530 Thread 0x000001f6e62a2000 Exception <a 'java/lang/IncompatibleClassChangeError'{0x00000000b08927b0}: Found class java.lang.Object, but interface was expected> (0x00000000b08927b0) thrown at [./src/hotspot/share/interpreter/linkResolver.cpp, line 839]
Event: 455.568 Thread 0x000001f6e62a2000 Exception <a 'java/lang/IncompatibleClassChangeError'{0x00000000b07411e0}: Found class java.lang.Object, but interface was expected> (0x00000000b07411e0) thrown at [./src/hotspot/share/interpreter/linkResolver.cpp, line 839]
Event: 455.571 Thread 0x000001f6e62a2000 Exception <a 'java/lang/IncompatibleClassChangeError'{0x00000000b074ee88}: Found class java.lang.Object, but interface was expected> (0x00000000b074ee88) thrown at [./src/hotspot/share/interpreter/linkResolver.cpp, line 839]

Events (20 events):
Event: 456.079 loading class com/android/tools/r8/internal/ND done
Event: 456.108 loading class com/android/tools/r8/internal/nG
Event: 456.108 loading class com/android/tools/r8/internal/nG done
Event: 456.352 Executing VM operation: CGC_Operation
Event: 456.359 Executing VM operation: CGC_Operation done
Event: 456.585 Executing VM operation: G1CollectForAllocation
Event: 456.621 Executing VM operation: G1CollectForAllocation done
Event: 456.703 loading class com/android/tools/r8/internal/Xe
Event: 456.703 loading class com/android/tools/r8/internal/Xe done
Event: 456.705 loading class com/android/tools/r8/graph/a0$a
Event: 456.705 loading class com/android/tools/r8/graph/a0$a done
Event: 456.705 loading class com/android/tools/r8/graph/a0$a
Event: 456.705 loading class com/android/tools/r8/graph/a0$a done
Event: 456.705 loading class com/android/tools/r8/dex/i
Event: 456.705 loading class com/android/tools/r8/dex/i done
Event: 456.712 Executing VM operation: G1CollectForAllocation
Event: 456.776 Executing VM operation: G1CollectForAllocation done
Event: 457.005 Executing VM operation: G1CollectForAllocation
Event: 457.039 Executing VM operation: G1CollectForAllocation done
Event: 457.336 Executing VM operation: G1CollectForAllocation


Dynamic libraries:
0x00007ff7612d0000 - 0x00007ff7612da000 	C:\Program Files\Android\Android Studio\jre\bin\java.exe
0x00007ffd63b10000 - 0x00007ffd63d08000 	C:\Windows\SYSTEM32\ntdll.dll
0x00007ffd62a10000 - 0x00007ffd62acf000 	C:\Windows\System32\KERNEL32.DLL
0x00007ffd61430000 - 0x00007ffd61726000 	C:\Windows\System32\KERNELBASE.dll
0x00007ffd612c0000 - 0x00007ffd613c0000 	C:\Windows\System32\ucrtbase.dll
0x00007ffd580d0000 - 0x00007ffd580e7000 	C:\Program Files\Android\Android Studio\jre\bin\VCRUNTIME140.dll
0x00007ffd580f0000 - 0x00007ffd58109000 	C:\Program Files\Android\Android Studio\jre\bin\jli.dll
0x00007ffd627c0000 - 0x00007ffd6295d000 	C:\Windows\System32\USER32.dll
0x00007ffd611f0000 - 0x00007ffd61212000 	C:\Windows\System32\win32u.dll
0x00007ffd62280000 - 0x00007ffd622ac000 	C:\Windows\System32\GDI32.dll
0x00007ffd618c0000 - 0x00007ffd619d5000 	C:\Windows\System32\gdi32full.dll
0x00007ffd61220000 - 0x00007ffd612bd000 	C:\Windows\System32\msvcp_win.dll
0x00007ffd47040000 - 0x00007ffd472da000 	C:\Windows\WinSxS\amd64_microsoft.windows.common-controls_6595b64144ccf1df_6.0.19041.1110_none_60b5254171f9507e\COMCTL32.dll
0x00007ffd622b0000 - 0x00007ffd6234e000 	C:\Windows\System32\msvcrt.dll
0x00007ffd62ad0000 - 0x00007ffd62b00000 	C:\Windows\System32\IMM32.DLL
0x00007ffd42060000 - 0x00007ffd420fd000 	C:\Program Files\Android\Android Studio\jre\bin\msvcp140.dll
0x00007ffd174d0000 - 0x00007ffd17fd2000 	C:\Program Files\Android\Android Studio\jre\bin\server\jvm.dll
0x00007ffd62960000 - 0x00007ffd62a0f000 	C:\Windows\System32\ADVAPI32.dll
0x00007ffd62470000 - 0x00007ffd6250c000 	C:\Windows\System32\sechost.dll
0x00007ffd62f70000 - 0x00007ffd63096000 	C:\Windows\System32\RPCRT4.dll
0x00007ffd63800000 - 0x00007ffd63808000 	C:\Windows\System32\PSAPI.DLL
0x00007ffd47550000 - 0x00007ffd47577000 	C:\Windows\SYSTEM32\WINMM.dll
0x00007ffd5b2c0000 - 0x00007ffd5b2c9000 	C:\Windows\SYSTEM32\WSOCK32.dll
0x00007ffd55fb0000 - 0x00007ffd55fba000 	C:\Windows\SYSTEM32\VERSION.dll
0x00007ffd62750000 - 0x00007ffd627bb000 	C:\Windows\System32\WS2_32.dll
0x00007ffd5fa40000 - 0x00007ffd5fa52000 	C:\Windows\SYSTEM32\kernel.appcore.dll
0x00007ffd42010000 - 0x00007ffd42021000 	C:\Program Files\Android\Android Studio\jre\bin\verify.dll
0x00007ffd5f820000 - 0x00007ffd5fa04000 	C:\Windows\SYSTEM32\DBGHELP.DLL
0x00007ffd474c0000 - 0x00007ffd474f4000 	C:\Windows\SYSTEM32\dbgcore.DLL
0x00007ffd61730000 - 0x00007ffd617b2000 	C:\Windows\System32\bcryptPrimitives.dll
0x00007ffd41d80000 - 0x00007ffd41da9000 	C:\Program Files\Android\Android Studio\jre\bin\java.dll
0x00007ffd594d0000 - 0x00007ffd594db000 	C:\Program Files\Android\Android Studio\jre\bin\jimage.dll
0x00007ffd41d60000 - 0x00007ffd41d78000 	C:\Program Files\Android\Android Studio\jre\bin\zip.dll
0x00007ffd630b0000 - 0x00007ffd637f4000 	C:\Windows\System32\SHELL32.dll
0x00007ffd5f080000 - 0x00007ffd5f813000 	C:\Windows\SYSTEM32\windows.storage.dll
0x00007ffd61ce0000 - 0x00007ffd62034000 	C:\Windows\System32\combase.dll
0x00007ffd60b70000 - 0x00007ffd60b9e000 	C:\Windows\SYSTEM32\Wldp.dll
0x00007ffd62040000 - 0x00007ffd620ed000 	C:\Windows\System32\SHCORE.dll
0x00007ffd61c20000 - 0x00007ffd61c75000 	C:\Windows\System32\shlwapi.dll
0x00007ffd61130000 - 0x00007ffd6114f000 	C:\Windows\SYSTEM32\profapi.dll
0x00007ffd40e60000 - 0x00007ffd40e7a000 	C:\Program Files\Android\Android Studio\jre\bin\net.dll
0x00007ffd4f890000 - 0x00007ffd4f99a000 	C:\Windows\SYSTEM32\WINHTTP.dll
0x00007ffd608d0000 - 0x00007ffd6093a000 	C:\Windows\system32\mswsock.dll
0x00007ffd40e40000 - 0x00007ffd40e54000 	C:\Program Files\Android\Android Studio\jre\bin\nio.dll
0x00007ffd2a690000 - 0x00007ffd2a6b7000 	C:\Users\BaDshah Khan\.gradle\native\e1d6ef7f7dcc3fd88c89a11ec53ec762bb8ba0a96d01ffa2cd45eb1d1d8dd5c5\windows-amd64\native-platform.dll
0x00007ffd1a3f0000 - 0x00007ffd1a534000 	C:\Users\BaDshah Khan\.gradle\native\0d407fdbe67a94daf76414ababcb853783967236a71b16ec16e742cd7a986fd3\windows-amd64\native-platform-file-events.dll
0x00007ffd59450000 - 0x00007ffd5945a000 	C:\Program Files\Android\Android Studio\jre\bin\management.dll
0x00007ffd580c0000 - 0x00007ffd580cd000 	C:\Program Files\Android\Android Studio\jre\bin\management_ext.dll
0x00007ffd60ad0000 - 0x00007ffd60ae8000 	C:\Windows\SYSTEM32\CRYPTSP.dll
0x00007ffd601f0000 - 0x00007ffd60224000 	C:\Windows\system32\rsaenh.dll
0x00007ffd61b40000 - 0x00007ffd61b67000 	C:\Windows\System32\bcrypt.dll
0x00007ffd610f0000 - 0x00007ffd6111e000 	C:\Windows\SYSTEM32\USERENV.dll
0x00007ffd60ac0000 - 0x00007ffd60acc000 	C:\Windows\SYSTEM32\CRYPTBASE.dll
0x00007ffd605c0000 - 0x00007ffd605fc000 	C:\Windows\SYSTEM32\IPHLPAPI.DLL
0x00007ffd630a0000 - 0x00007ffd630a8000 	C:\Windows\System32\NSI.dll
0x00007ffd4fc60000 - 0x00007ffd4fc77000 	C:\Windows\SYSTEM32\dhcpcsvc6.DLL
0x00007ffd538a0000 - 0x00007ffd538bd000 	C:\Windows\SYSTEM32\dhcpcsvc.DLL
0x00007ffd60600000 - 0x00007ffd606cb000 	C:\Windows\SYSTEM32\DNSAPI.dll
0x00007ffd28e30000 - 0x00007ffd28fd6000 	C:\Program Files\Android\Android Studio\jre\bin\awt.dll
0x00007ffd62510000 - 0x00007ffd625dd000 	C:\Windows\System32\OLEAUT32.dll
0x00007ffd5eb90000 - 0x00007ffd5ebbf000 	C:\Windows\SYSTEM32\dwmapi.dll
0x00007ffd5b1b0000 - 0x00007ffd5b241000 	C:\Windows\SYSTEM32\apphelp.dll
0x00007ffd5b690000 - 0x00007ffd5b72e000 	C:\Windows\system32\uxtheme.dll

dbghelp: loaded successfully - version: 4.0.5 - missing functions: none
symbol engine: initialized successfully - sym options: 0x614 - pdb path: .;C:\Program Files\Android\Android Studio\jre\bin;C:\Windows\SYSTEM32;C:\Windows\WinSxS\amd64_microsoft.windows.common-controls_6595b64144ccf1df_6.0.19041.1110_none_60b5254171f9507e;C:\Program Files\Android\Android Studio\jre\bin\server;C:\Users\BaDshah Khan\.gradle\native\e1d6ef7f7dcc3fd88c89a11ec53ec762bb8ba0a96d01ffa2cd45eb1d1d8dd5c5\windows-amd64;C:\Users\BaDshah Khan\.gradle\native\0d407fdbe67a94daf76414ababcb853783967236a71b16ec16e742cd7a986fd3\windows-amd64

VM Arguments:
jvm_args: --add-opens=java.base/java.util=ALL-UNNAMED --add-opens=java.base/java.lang=ALL-UNNAMED --add-opens=java.base/java.lang.invoke=ALL-UNNAMED --add-opens=java.base/java.util=ALL-UNNAMED --add-opens=java.prefs/java.util.prefs=ALL-UNNAMED --add-opens=java.prefs/java.util.prefs=ALL-UNNAMED --add-opens=java.base/java.nio.charset=ALL-UNNAMED --add-opens=java.base/java.net=ALL-UNNAMED --add-opens=java.base/java.util.concurrent.atomic=ALL-UNNAMED -Xmx1536m -Dfile.encoding=windows-1252 -Duser.country=US -Duser.language=en -Duser.variant 
java_command: org.gradle.launcher.daemon.bootstrap.GradleDaemon 7.4
java_class_path (initial): C:\Users\BaDshah Khan\.gradle\wrapper\dists\gradle-7.4-all\aadb4xli5jkdsnukm30eibyiu\gradle-7.4\lib\gradle-launcher-7.4.jar
Launcher Type: SUN_STANDARD

[Global flags]
     intx CICompilerCount                          = 3                                         {product} {ergonomic}
     uint ConcGCThreads                            = 1                                         {product} {ergonomic}
     uint G1ConcRefinementThreads                  = 4                                         {product} {ergonomic}
   size_t G1HeapRegionSize                         = 1048576                                   {product} {ergonomic}
    uintx GCDrainStackTargetSize                   = 64                                        {product} {ergonomic}
   size_t InitialHeapSize                          = 134217728                                 {product} {ergonomic}
   size_t MarkStackSize                            = 4194304                                   {product} {ergonomic}
   size_t MaxHeapSize                              = 1610612736                                {product} {command line}
   size_t MaxNewSize                               = 965738496                                 {product} {ergonomic}
   size_t MinHeapDeltaBytes                        = 1048576                                   {product} {ergonomic}
    uintx NonNMethodCodeHeapSize                   = 5830732                                {pd product} {ergonomic}
    uintx NonProfiledCodeHeapSize                  = 122913754                              {pd product} {ergonomic}
    uintx ProfiledCodeHeapSize                     = 122913754                              {pd product} {ergonomic}
    uintx ReservedCodeCacheSize                    = 251658240                              {pd product} {ergonomic}
     bool SegmentedCodeCache                       = true                                      {product} {ergonomic}
     bool UseCompressedClassPointers               = true                                 {lp64_product} {ergonomic}
     bool UseCompressedOops                        = true                                 {lp64_product} {ergonomic}
     bool UseG1GC                                  = true                                      {product} {ergonomic}
     bool UseLargePagesIndividualAllocation        = false                                  {pd product} {ergonomic}

Logging:
Log output configuration:
 #0: stdout all=warning uptime,level,tags
 #1: stderr all=off uptime,level,tags

Environment Variables:
PATH=C:\Users\BaDshah Khan\AppData\Local\Programs\Python\Python39\Scripts\;C:\Users\BaDshah Khan\AppData\Local\Programs\Python\Python39\;C:\Program Files (x86)\Python 3.9.10\Scripts\;C:\Program Files (x86)\Python 3.9.10\;C:\Windows\system32;C:\Windows;C:\Windows\System32\Wbem;C:\Windows\System32\WindowsPowerShell\v1.0\;C:\Windows\System32\OpenSSH\;C:\Program Files (x86)\Intel\Intel(R) Management Engine Components\DAL;C:\Program Files\Intel\Intel(R) Management Engine Components\DAL;D:\mplab\MPLAB C32 Suite\bin;C:\Program Files\nodejs\;C:\Program Files\Git\cmd;C:\Program Files (x86)\Windows Kits\8.0\Windows Performance Toolkit\;C:\Users\BaDshah Khan\AppData\Local\Microsoft\WindowsApps;;C:\Program Files\JetBrains\PyCharm Community Edition 2022.1.1\bin;;C:\Program Files\Azure Data Studio\bin;C:\Users\BaDshah Khan\AppData\Local\Programs\Microsoft VS Code\bin;C:\Users\BaDshah Khan\AppData\Roaming\npm
USERNAME=BaDshah Khan
OS=Windows_NT
PROCESSOR_IDENTIFIER=Intel64 Family 6 Model 78 Stepping 3, GenuineIntel



---------------  S Y S T E M  ---------------

OS: Windows 10 , 64 bit Build 19041 (10.0.19041.2913)
OS uptime: 0 days 10:05 hours

CPU:total 4 (initial active 4) (2 cores per cpu, 2 threads per core) family 6 model 78 stepping 3 microcode 0xea, cmov, cx8, fxsr, mmx, sse, sse2, sse3, ssse3, sse4.1, sse4.2, popcnt, avx, avx2, aes, clmul, erms, rtm, 3dnowpref, lzcnt, ht, tsc, tscinvbit, bmi1, bmi2, adx, fma

Memory: 4k page, system-wide physical 8072M (726M free)
TotalPageFile size 10120M (AvailPageFile size 76M)
current process WorkingSet (physical memory assigned to process): 600M, peak: 604M
current process commit charge ("private bytes"): 709M, peak: 953M

vm_info: OpenJDK 64-Bit Server VM (11.0.13+0-b1751.21-8125866) for windows-amd64 JRE (11.0.13+0-b1751.21-8125866), built on Feb  2 2022 03:00:22 by "builder" with MS VC++ 14.0 (VS2015)

END.
